<?xml version="1.0" encoding="UTF-8"?>
<testsuite xmlns:xsi="http://www.w3.org/2001/XMLSchema-instance" xsi:noNamespaceSchemaLocation="https://maven.apache.org/surefire/maven-surefire-plugin/xsd/surefire-test-report-3.0.xsd" version="3.0" name="com.bytatech.ayoos.patient.ArchTest" time="53.582" tests="1" errors="0" skipped="0" failures="0">
  <properties>
    <property name="sun.desktop" value="gnome"/>
    <property name="awt.toolkit" value="sun.awt.X11.XToolkit"/>
    <property name="file.encoding.pkg" value="sun.io"/>
    <property name="java.specification.version" value="1.8"/>
    <property name="sun.cpu.isalist" value=""/>
    <property name="sun.jnu.encoding" value="UTF-8"/>
    <property name="java.class.path" value="/media/ajay/A486055086052500/Ayoos/patient-service/target/test-classes:/media/ajay/A486055086052500/Ayoos/patient-service/target/classes:/home/ajay/.m2/repository/org/elasticsearch/elasticsearch/6.8.5/elasticsearch-6.8.5.jar:/home/ajay/.m2/repository/org/elasticsearch/elasticsearch-core/6.8.5/elasticsearch-core-6.8.5.jar:/home/ajay/.m2/repository/org/elasticsearch/elasticsearch-secure-sm/6.8.5/elasticsearch-secure-sm-6.8.5.jar:/home/ajay/.m2/repository/org/elasticsearch/elasticsearch-x-content/6.8.5/elasticsearch-x-content-6.8.5.jar:/home/ajay/.m2/repository/com/fasterxml/jackson/dataformat/jackson-dataformat-smile/2.9.10/jackson-dataformat-smile-2.9.10.jar:/home/ajay/.m2/repository/com/fasterxml/jackson/dataformat/jackson-dataformat-yaml/2.9.10/jackson-dataformat-yaml-2.9.10.jar:/home/ajay/.m2/repository/com/fasterxml/jackson/dataformat/jackson-dataformat-cbor/2.9.10/jackson-dataformat-cbor-2.9.10.jar:/home/ajay/.m2/repository/org/apache/lucene/lucene-core/7.7.2/lucene-core-7.7.2.jar:/home/ajay/.m2/repository/org/apache/lucene/lucene-analyzers-common/7.7.2/lucene-analyzers-common-7.7.2.jar:/home/ajay/.m2/repository/org/apache/lucene/lucene-backward-codecs/7.7.2/lucene-backward-codecs-7.7.2.jar:/home/ajay/.m2/repository/org/apache/lucene/lucene-grouping/7.7.2/lucene-grouping-7.7.2.jar:/home/ajay/.m2/repository/org/apache/lucene/lucene-highlighter/7.7.2/lucene-highlighter-7.7.2.jar:/home/ajay/.m2/repository/org/apache/lucene/lucene-join/7.7.2/lucene-join-7.7.2.jar:/home/ajay/.m2/repository/org/apache/lucene/lucene-memory/7.7.2/lucene-memory-7.7.2.jar:/home/ajay/.m2/repository/org/apache/lucene/lucene-misc/7.7.2/lucene-misc-7.7.2.jar:/home/ajay/.m2/repository/org/apache/lucene/lucene-queries/7.7.2/lucene-queries-7.7.2.jar:/home/ajay/.m2/repository/org/apache/lucene/lucene-queryparser/7.7.2/lucene-queryparser-7.7.2.jar:/home/ajay/.m2/repository/org/apache/lucene/lucene-sandbox/7.7.2/lucene-sandbox-7.7.2.jar:/home/ajay/.m2/repository/org/apache/lucene/lucene-spatial/7.7.2/lucene-spatial-7.7.2.jar:/home/ajay/.m2/repository/org/apache/lucene/lucene-spatial-extras/7.7.2/lucene-spatial-extras-7.7.2.jar:/home/ajay/.m2/repository/org/apache/lucene/lucene-spatial3d/7.7.2/lucene-spatial3d-7.7.2.jar:/home/ajay/.m2/repository/org/apache/lucene/lucene-suggest/7.7.2/lucene-suggest-7.7.2.jar:/home/ajay/.m2/repository/org/elasticsearch/elasticsearch-cli/6.8.5/elasticsearch-cli-6.8.5.jar:/home/ajay/.m2/repository/net/sf/jopt-simple/jopt-simple/5.0.2/jopt-simple-5.0.2.jar:/home/ajay/.m2/repository/com/carrotsearch/hppc/0.7.1/hppc-0.7.1.jar:/home/ajay/.m2/repository/joda-time/joda-time/2.10.5/joda-time-2.10.5.jar:/home/ajay/.m2/repository/com/tdunning/t-digest/3.2/t-digest-3.2.jar:/home/ajay/.m2/repository/org/hdrhistogram/HdrHistogram/2.1.9/HdrHistogram-2.1.9.jar:/home/ajay/.m2/repository/org/apache/logging/log4j/log4j-api/2.11.2/log4j-api-2.11.2.jar:/home/ajay/.m2/repository/org/elasticsearch/jna/4.5.1/jna-4.5.1.jar:/home/ajay/.m2/repository/org/elasticsearch/client/elasticsearch-rest-high-level-client/6.8.5/elasticsearch-rest-high-level-client-6.8.5.jar:/home/ajay/.m2/repository/org/elasticsearch/client/elasticsearch-rest-client/6.4.3/elasticsearch-rest-client-6.4.3.jar:/home/ajay/.m2/repository/org/apache/httpcomponents/httpclient/4.5.10/httpclient-4.5.10.jar:/home/ajay/.m2/repository/org/apache/httpcomponents/httpcore/4.4.12/httpcore-4.4.12.jar:/home/ajay/.m2/repository/org/apache/httpcomponents/httpasyncclient/4.1.4/httpasyncclient-4.1.4.jar:/home/ajay/.m2/repository/org/apache/httpcomponents/httpcore-nio/4.4.12/httpcore-nio-4.4.12.jar:/home/ajay/.m2/repository/org/elasticsearch/plugin/parent-join-client/6.8.5/parent-join-client-6.8.5.jar:/home/ajay/.m2/repository/org/elasticsearch/plugin/aggs-matrix-stats-client/6.8.5/aggs-matrix-stats-client-6.8.5.jar:/home/ajay/.m2/repository/org/elasticsearch/plugin/rank-eval-client/6.8.5/rank-eval-client-6.8.5.jar:/home/ajay/.m2/repository/org/elasticsearch/plugin/lang-mustache-client/6.8.5/lang-mustache-client-6.8.5.jar:/home/ajay/.m2/repository/com/github/spullara/mustache/java/compiler/0.9.3/compiler-0.9.3.jar:/home/ajay/.m2/repository/io/github/jhipster/jhipster-framework/3.1.0/jhipster-framework-3.1.0.jar:/home/ajay/.m2/repository/org/springframework/spring-context-support/5.1.12.RELEASE/spring-context-support-5.1.12.RELEASE.jar:/home/ajay/.m2/repository/org/springframework/boot/spring-boot-autoconfigure/2.1.11.RELEASE/spring-boot-autoconfigure-2.1.11.RELEASE.jar:/home/ajay/.m2/repository/org/springframework/boot/spring-boot-starter-cache/2.1.11.RELEASE/spring-boot-starter-cache-2.1.11.RELEASE.jar:/home/ajay/.m2/repository/org/springframework/boot/spring-boot-starter/2.1.11.RELEASE/spring-boot-starter-2.1.11.RELEASE.jar:/home/ajay/.m2/repository/javax/annotation/javax.annotation-api/1.3.2/javax.annotation-api-1.3.2.jar:/home/ajay/.m2/repository/com/fasterxml/jackson/datatype/jackson-datatype-hibernate5/2.9.10/jackson-datatype-hibernate5-2.9.10.jar:/home/ajay/.m2/repository/javax/transaction/jta/1.1/jta-1.1.jar:/home/ajay/.m2/repository/com/fasterxml/jackson/core/jackson-core/2.9.10/jackson-core-2.9.10.jar:/home/ajay/.m2/repository/com/fasterxml/jackson/core/jackson-databind/2.9.10.1/jackson-databind-2.9.10.1.jar:/home/ajay/.m2/repository/com/fasterxml/jackson/datatype/jackson-datatype-hppc/2.9.10/jackson-datatype-hppc-2.9.10.jar:/home/ajay/.m2/repository/com/fasterxml/jackson/datatype/jackson-datatype-jsr310/2.9.10/jackson-datatype-jsr310-2.9.10.jar:/home/ajay/.m2/repository/com/fasterxml/jackson/core/jackson-annotations/2.9.10/jackson-annotations-2.9.10.jar:/home/ajay/.m2/repository/com/fasterxml/jackson/module/jackson-module-afterburner/2.9.10/jackson-module-afterburner-2.9.10.jar:/home/ajay/.m2/repository/com/h2database/h2/1.4.200/h2-1.4.200.jar:/home/ajay/.m2/repository/com/hazelcast/hazelcast/3.11.5/hazelcast-3.11.5.jar:/home/ajay/.m2/repository/com/hazelcast/hazelcast-hibernate53/1.3.2/hazelcast-hibernate53-1.3.2.jar:/home/ajay/.m2/repository/com/hazelcast/hazelcast-spring/3.11.5/hazelcast-spring-3.11.5.jar:/home/ajay/.m2/repository/com/jayway/jsonpath/json-path/2.4.0/json-path-2.4.0.jar:/home/ajay/.m2/repository/net/minidev/json-smart/2.3/json-smart-2.3.jar:/home/ajay/.m2/repository/net/minidev/accessors-smart/1.2/accessors-smart-1.2.jar:/home/ajay/.m2/repository/org/slf4j/slf4j-api/1.7.29/slf4j-api-1.7.29.jar:/home/ajay/.m2/repository/io/springfox/springfox-swagger2/2.9.2/springfox-swagger2-2.9.2.jar:/home/ajay/.m2/repository/io/swagger/swagger-annotations/1.5.20/swagger-annotations-1.5.20.jar:/home/ajay/.m2/repository/io/swagger/swagger-models/1.5.20/swagger-models-1.5.20.jar:/home/ajay/.m2/repository/io/springfox/springfox-spi/2.9.2/springfox-spi-2.9.2.jar:/home/ajay/.m2/repository/io/springfox/springfox-core/2.9.2/springfox-core-2.9.2.jar:/home/ajay/.m2/repository/io/springfox/springfox-schema/2.9.2/springfox-schema-2.9.2.jar:/home/ajay/.m2/repository/io/springfox/springfox-swagger-common/2.9.2/springfox-swagger-common-2.9.2.jar:/home/ajay/.m2/repository/io/springfox/springfox-spring-web/2.9.2/springfox-spring-web-2.9.2.jar:/home/ajay/.m2/repository/com/google/guava/guava/28.1-jre/guava-28.1-jre.jar:/home/ajay/.m2/repository/com/google/guava/failureaccess/1.0.1/failureaccess-1.0.1.jar:/home/ajay/.m2/repository/com/google/guava/listenablefuture/9999.0-empty-to-avoid-conflict-with-guava/listenablefuture-9999.0-empty-to-avoid-conflict-with-guava.jar:/home/ajay/.m2/repository/org/checkerframework/checker-qual/2.8.1/checker-qual-2.8.1.jar:/home/ajay/.m2/repository/com/google/errorprone/error_prone_annotations/2.3.2/error_prone_annotations-2.3.2.jar:/home/ajay/.m2/repository/com/google/j2objc/j2objc-annotations/1.3/j2objc-annotations-1.3.jar:/home/ajay/.m2/repository/org/codehaus/mojo/animal-sniffer-annotations/1.18/animal-sniffer-annotations-1.18.jar:/home/ajay/.m2/repository/com/fasterxml/classmate/1.4.0/classmate-1.4.0.jar:/home/ajay/.m2/repository/org/springframework/plugin/spring-plugin-core/1.2.0.RELEASE/spring-plugin-core-1.2.0.RELEASE.jar:/home/ajay/.m2/repository/org/springframework/plugin/spring-plugin-metadata/1.2.0.RELEASE/spring-plugin-metadata-1.2.0.RELEASE.jar:/home/ajay/.m2/repository/io/springfox/springfox-bean-validators/2.9.2/springfox-bean-validators-2.9.2.jar:/home/ajay/.m2/repository/com/zaxxer/HikariCP/3.2.0/HikariCP-3.2.0.jar:/home/ajay/.m2/repository/commons-io/commons-io/2.6/commons-io-2.6.jar:/home/ajay/.m2/repository/org/apache/commons/commons-lang3/3.8.1/commons-lang3-3.8.1.jar:/home/ajay/.m2/repository/javax/cache/cache-api/1.1.1/cache-api-1.1.1.jar:/home/ajay/.m2/repository/mysql/mysql-connector-java/8.0.18/mysql-connector-java-8.0.18.jar:/home/ajay/.m2/repository/com/google/protobuf/protobuf-java/3.6.1/protobuf-java-3.6.1.jar:/home/ajay/.m2/repository/org/junit/jupiter/junit-jupiter-engine/5.3.2/junit-jupiter-engine-5.3.2.jar:/home/ajay/.m2/repository/org/apiguardian/apiguardian-api/1.0.0/apiguardian-api-1.0.0.jar:/home/ajay/.m2/repository/org/junit/platform/junit-platform-engine/1.3.2/junit-platform-engine-1.3.2.jar:/home/ajay/.m2/repository/org/junit/platform/junit-platform-commons/1.3.2/junit-platform-commons-1.3.2.jar:/home/ajay/.m2/repository/org/opentest4j/opentest4j/1.1.1/opentest4j-1.1.1.jar:/home/ajay/.m2/repository/org/junit/jupiter/junit-jupiter-api/5.3.2/junit-jupiter-api-5.3.2.jar:/home/ajay/.m2/repository/org/assertj/assertj-core/3.11.1/assertj-core-3.11.1.jar:/home/ajay/.m2/repository/org/hibernate/hibernate-jpamodelgen/5.3.14.Final/hibernate-jpamodelgen-5.3.14.Final.jar:/home/ajay/.m2/repository/org/jboss/logging/jboss-logging/3.3.3.Final/jboss-logging-3.3.3.Final.jar:/home/ajay/.m2/repository/javax/xml/bind/jaxb-api/2.3.1/jaxb-api-2.3.1.jar:/home/ajay/.m2/repository/org/glassfish/jaxb/jaxb-runtime/2.3.1/jaxb-runtime-2.3.1.jar:/home/ajay/.m2/repository/org/glassfish/jaxb/txw2/2.3.1/txw2-2.3.1.jar:/home/ajay/.m2/repository/com/sun/istack/istack-commons-runtime/3.0.7/istack-commons-runtime-3.0.7.jar:/home/ajay/.m2/repository/org/jvnet/staxex/stax-ex/1.8/stax-ex-1.8.jar:/home/ajay/.m2/repository/com/sun/xml/fastinfoset/FastInfoset/1.2.15/FastInfoset-1.2.15.jar:/home/ajay/.m2/repository/org/hibernate/hibernate-core/5.3.14.Final/hibernate-core-5.3.14.Final.jar:/home/ajay/.m2/repository/javax/persistence/javax.persistence-api/2.2/javax.persistence-api-2.2.jar:/home/ajay/.m2/repository/org/javassist/javassist/3.23.2-GA/javassist-3.23.2-GA.jar:/home/ajay/.m2/repository/net/bytebuddy/byte-buddy/1.9.16/byte-buddy-1.9.16.jar:/home/ajay/.m2/repository/antlr/antlr/2.7.7/antlr-2.7.7.jar:/home/ajay/.m2/repository/org/jboss/spec/javax/transaction/jboss-transaction-api_1.2_spec/1.1.1.Final/jboss-transaction-api_1.2_spec-1.1.1.Final.jar:/home/ajay/.m2/repository/org/jboss/jandex/2.0.5.Final/jandex-2.0.5.Final.jar:/home/ajay/.m2/repository/javax/activation/javax.activation-api/1.2.0/javax.activation-api-1.2.0.jar:/home/ajay/.m2/repository/org/dom4j/dom4j/2.1.1/dom4j-2.1.1.jar:/home/ajay/.m2/repository/org/hibernate/common/hibernate-commons-annotations/5.0.4.Final/hibernate-commons-annotations-5.0.4.Final.jar:/home/ajay/.m2/repository/org/hibernate/validator/hibernate-validator/6.0.18.Final/hibernate-validator-6.0.18.Final.jar:/home/ajay/.m2/repository/javax/validation/validation-api/2.0.1.Final/validation-api-2.0.1.Final.jar:/home/ajay/.m2/repository/org/liquibase/liquibase-core/3.6.3/liquibase-core-3.6.3.jar:/home/ajay/.m2/repository/org/yaml/snakeyaml/1.23/snakeyaml-1.23.jar:/home/ajay/.m2/repository/net/logstash/logback/logstash-logback-encoder/6.3/logstash-logback-encoder-6.3.jar:/home/ajay/.m2/repository/org/mapstruct/mapstruct/1.3.1.Final/mapstruct-1.3.1.Final.jar:/home/ajay/.m2/repository/org/mapstruct/mapstruct-processor/1.3.1.Final/mapstruct-processor-1.3.1.Final.jar:/home/ajay/.m2/repository/org/springframework/boot/spring-boot-configuration-processor/2.1.11.RELEASE/spring-boot-configuration-processor-2.1.11.RELEASE.jar:/home/ajay/.m2/repository/org/springframework/boot/spring-boot-loader-tools/2.1.11.RELEASE/spring-boot-loader-tools-2.1.11.RELEASE.jar:/home/ajay/.m2/repository/org/springframework/spring-core/5.1.12.RELEASE/spring-core-5.1.12.RELEASE.jar:/home/ajay/.m2/repository/org/springframework/spring-jcl/5.1.12.RELEASE/spring-jcl-5.1.12.RELEASE.jar:/home/ajay/.m2/repository/org/apache/commons/commons-compress/1.18/commons-compress-1.18.jar:/home/ajay/.m2/repository/org/springframework/boot/spring-boot-starter-actuator/2.1.11.RELEASE/spring-boot-starter-actuator-2.1.11.RELEASE.jar:/home/ajay/.m2/repository/org/springframework/boot/spring-boot-actuator-autoconfigure/2.1.11.RELEASE/spring-boot-actuator-autoconfigure-2.1.11.RELEASE.jar:/home/ajay/.m2/repository/org/springframework/boot/spring-boot-actuator/2.1.11.RELEASE/spring-boot-actuator-2.1.11.RELEASE.jar:/home/ajay/.m2/repository/io/micrometer/micrometer-core/1.3.2/micrometer-core-1.3.2.jar:/home/ajay/.m2/repository/org/latencyutils/LatencyUtils/2.0.3/LatencyUtils-2.0.3.jar:/home/ajay/.m2/repository/org/springframework/boot/spring-boot-starter-aop/2.1.11.RELEASE/spring-boot-starter-aop-2.1.11.RELEASE.jar:/home/ajay/.m2/repository/org/springframework/spring-aop/5.1.12.RELEASE/spring-aop-5.1.12.RELEASE.jar:/home/ajay/.m2/repository/org/aspectj/aspectjweaver/1.9.5/aspectjweaver-1.9.5.jar:/home/ajay/.m2/repository/org/springframework/boot/spring-boot-starter-data-jpa/2.1.11.RELEASE/spring-boot-starter-data-jpa-2.1.11.RELEASE.jar:/home/ajay/.m2/repository/org/springframework/boot/spring-boot-starter-jdbc/2.1.11.RELEASE/spring-boot-starter-jdbc-2.1.11.RELEASE.jar:/home/ajay/.m2/repository/org/springframework/spring-jdbc/5.1.12.RELEASE/spring-jdbc-5.1.12.RELEASE.jar:/home/ajay/.m2/repository/javax/transaction/javax.transaction-api/1.3/javax.transaction-api-1.3.jar:/home/ajay/.m2/repository/org/springframework/data/spring-data-jpa/2.1.14.RELEASE/spring-data-jpa-2.1.14.RELEASE.jar:/home/ajay/.m2/repository/org/springframework/spring-orm/5.1.12.RELEASE/spring-orm-5.1.12.RELEASE.jar:/home/ajay/.m2/repository/org/springframework/spring-tx/5.1.12.RELEASE/spring-tx-5.1.12.RELEASE.jar:/home/ajay/.m2/repository/org/springframework/spring-aspects/5.1.12.RELEASE/spring-aspects-5.1.12.RELEASE.jar:/home/ajay/.m2/repository/org/springframework/boot/spring-boot-starter-data-elasticsearch/2.1.11.RELEASE/spring-boot-starter-data-elasticsearch-2.1.11.RELEASE.jar:/home/ajay/.m2/repository/org/springframework/data/spring-data-elasticsearch/3.1.14.RELEASE/spring-data-elasticsearch-3.1.14.RELEASE.jar:/home/ajay/.m2/repository/org/elasticsearch/client/transport/6.4.3/transport-6.4.3.jar:/home/ajay/.m2/repository/org/elasticsearch/plugin/reindex-client/6.4.3/reindex-client-6.4.3.jar:/home/ajay/.m2/repository/org/elasticsearch/plugin/percolator-client/6.4.3/percolator-client-6.4.3.jar:/home/ajay/.m2/repository/org/elasticsearch/plugin/transport-netty4-client/6.4.3/transport-netty4-client-6.4.3.jar:/home/ajay/.m2/repository/io/netty/netty-buffer/4.1.43.Final/netty-buffer-4.1.43.Final.jar:/home/ajay/.m2/repository/io/netty/netty-codec/4.1.43.Final/netty-codec-4.1.43.Final.jar:/home/ajay/.m2/repository/io/netty/netty-codec-http/4.1.43.Final/netty-codec-http-4.1.43.Final.jar:/home/ajay/.m2/repository/io/netty/netty-common/4.1.43.Final/netty-common-4.1.43.Final.jar:/home/ajay/.m2/repository/io/netty/netty-handler/4.1.43.Final/netty-handler-4.1.43.Final.jar:/home/ajay/.m2/repository/io/netty/netty-resolver/4.1.43.Final/netty-resolver-4.1.43.Final.jar:/home/ajay/.m2/repository/io/netty/netty-transport/4.1.43.Final/netty-transport-4.1.43.Final.jar:/home/ajay/.m2/repository/com/github/vanroy/spring-boot-starter-data-jest/3.2.5.RELEASE/spring-boot-starter-data-jest-3.2.5.RELEASE.jar:/home/ajay/.m2/repository/com/github/vanroy/spring-data-jest/3.2.5.RELEASE/spring-data-jest-3.2.5.RELEASE.jar:/home/ajay/.m2/repository/io/searchbox/jest/6.3.1/jest-6.3.1.jar:/home/ajay/.m2/repository/io/searchbox/jest-common/6.3.1/jest-common-6.3.1.jar:/home/ajay/.m2/repository/com/google/code/gson/gson/2.8.6/gson-2.8.6.jar:/home/ajay/.m2/repository/net/java/dev/jna/jna/4.5.2/jna-4.5.2.jar:/home/ajay/.m2/repository/de/dentrassi/elasticsearch/log4j2-mock/0.0.1/log4j2-mock-0.0.1.jar:/home/ajay/.m2/repository/org/springframework/boot/spring-boot-starter-logging/2.1.11.RELEASE/spring-boot-starter-logging-2.1.11.RELEASE.jar:/home/ajay/.m2/repository/ch/qos/logback/logback-classic/1.2.3/logback-classic-1.2.3.jar:/home/ajay/.m2/repository/ch/qos/logback/logback-core/1.2.3/logback-core-1.2.3.jar:/home/ajay/.m2/repository/org/apache/logging/log4j/log4j-to-slf4j/2.11.2/log4j-to-slf4j-2.11.2.jar:/home/ajay/.m2/repository/org/slf4j/jul-to-slf4j/1.7.29/jul-to-slf4j-1.7.29.jar:/home/ajay/.m2/repository/org/springframework/boot/spring-boot-starter-mail/2.1.11.RELEASE/spring-boot-starter-mail-2.1.11.RELEASE.jar:/home/ajay/.m2/repository/com/sun/mail/javax.mail/1.6.2/javax.mail-1.6.2.jar:/home/ajay/.m2/repository/javax/activation/activation/1.1/activation-1.1.jar:/home/ajay/.m2/repository/org/springframework/boot/spring-boot-starter-thymeleaf/2.1.11.RELEASE/spring-boot-starter-thymeleaf-2.1.11.RELEASE.jar:/home/ajay/.m2/repository/org/thymeleaf/thymeleaf-spring5/3.0.11.RELEASE/thymeleaf-spring5-3.0.11.RELEASE.jar:/home/ajay/.m2/repository/org/thymeleaf/thymeleaf/3.0.11.RELEASE/thymeleaf-3.0.11.RELEASE.jar:/home/ajay/.m2/repository/org/attoparser/attoparser/2.0.5.RELEASE/attoparser-2.0.5.RELEASE.jar:/home/ajay/.m2/repository/org/unbescape/unbescape/1.1.6.RELEASE/unbescape-1.1.6.RELEASE.jar:/home/ajay/.m2/repository/org/thymeleaf/extras/thymeleaf-extras-java8time/3.0.4.RELEASE/thymeleaf-extras-java8time-3.0.4.RELEASE.jar:/home/ajay/.m2/repository/org/springframework/boot/spring-boot-starter-web/2.1.11.RELEASE/spring-boot-starter-web-2.1.11.RELEASE.jar:/home/ajay/.m2/repository/org/springframework/boot/spring-boot-starter-json/2.1.11.RELEASE/spring-boot-starter-json-2.1.11.RELEASE.jar:/home/ajay/.m2/repository/com/fasterxml/jackson/datatype/jackson-datatype-jdk8/2.9.10/jackson-datatype-jdk8-2.9.10.jar:/home/ajay/.m2/repository/com/fasterxml/jackson/module/jackson-module-parameter-names/2.9.10/jackson-module-parameter-names-2.9.10.jar:/home/ajay/.m2/repository/org/springframework/spring-web/5.1.12.RELEASE/spring-web-5.1.12.RELEASE.jar:/home/ajay/.m2/repository/org/springframework/spring-webmvc/5.1.12.RELEASE/spring-webmvc-5.1.12.RELEASE.jar:/home/ajay/.m2/repository/org/springframework/spring-expression/5.1.12.RELEASE/spring-expression-5.1.12.RELEASE.jar:/home/ajay/.m2/repository/org/springframework/boot/spring-boot-starter-test/2.1.11.RELEASE/spring-boot-starter-test-2.1.11.RELEASE.jar:/home/ajay/.m2/repository/org/springframework/boot/spring-boot-test-autoconfigure/2.1.11.RELEASE/spring-boot-test-autoconfigure-2.1.11.RELEASE.jar:/home/ajay/.m2/repository/org/mockito/mockito-core/2.23.4/mockito-core-2.23.4.jar:/home/ajay/.m2/repository/net/bytebuddy/byte-buddy-agent/1.9.16/byte-buddy-agent-1.9.16.jar:/home/ajay/.m2/repository/org/objenesis/objenesis/2.6/objenesis-2.6.jar:/home/ajay/.m2/repository/org/hamcrest/hamcrest-core/1.3/hamcrest-core-1.3.jar:/home/ajay/.m2/repository/org/hamcrest/hamcrest-library/1.3/hamcrest-library-1.3.jar:/home/ajay/.m2/repository/org/skyscreamer/jsonassert/1.5.0/jsonassert-1.5.0.jar:/home/ajay/.m2/repository/org/springframework/spring-test/5.1.12.RELEASE/spring-test-5.1.12.RELEASE.jar:/home/ajay/.m2/repository/org/xmlunit/xmlunit-core/2.6.3/xmlunit-core-2.6.3.jar:/home/ajay/.m2/repository/org/springframework/boot/spring-boot-test/2.1.11.RELEASE/spring-boot-test-2.1.11.RELEASE.jar:/home/ajay/.m2/repository/org/springframework/boot/spring-boot/2.1.11.RELEASE/spring-boot-2.1.11.RELEASE.jar:/home/ajay/.m2/repository/org/springframework/security/spring-security-test/5.1.7.RELEASE/spring-security-test-5.1.7.RELEASE.jar:/home/ajay/.m2/repository/org/springframework/security/spring-security-core/5.1.7.RELEASE/spring-security-core-5.1.7.RELEASE.jar:/home/ajay/.m2/repository/org/springframework/security/spring-security-web/5.1.7.RELEASE/spring-security-web-5.1.7.RELEASE.jar:/home/ajay/.m2/repository/com/tngtech/archunit/archunit-junit5-api/0.12.0/archunit-junit5-api-0.12.0.jar:/home/ajay/.m2/repository/com/tngtech/archunit/archunit/0.12.0/archunit-0.12.0.jar:/home/ajay/.m2/repository/com/tngtech/archunit/archunit-junit5-engine/0.12.0/archunit-junit5-engine-0.12.0.jar:/home/ajay/.m2/repository/com/tngtech/archunit/archunit-junit5-engine-api/0.12.0/archunit-junit5-engine-api-0.12.0.jar:/home/ajay/.m2/repository/org/apache/avro/avro/1.8.2/avro-1.8.2.jar:/home/ajay/.m2/repository/org/codehaus/jackson/jackson-core-asl/1.9.13/jackson-core-asl-1.9.13.jar:/home/ajay/.m2/repository/org/codehaus/jackson/jackson-mapper-asl/1.9.13/jackson-mapper-asl-1.9.13.jar:/home/ajay/.m2/repository/com/thoughtworks/paranamer/paranamer/2.7/paranamer-2.7.jar:/home/ajay/.m2/repository/org/xerial/snappy/snappy-java/1.1.1.3/snappy-java-1.1.1.3.jar:/home/ajay/.m2/repository/org/tukaani/xz/1.5/xz-1.5.jar:/home/ajay/.m2/repository/io/confluent/kafka-streams-avro-serde/5.3.0/kafka-streams-avro-serde-5.3.0.jar:/home/ajay/.m2/repository/io/confluent/kafka-avro-serializer/5.3.0/kafka-avro-serializer-5.3.0.jar:/home/ajay/.m2/repository/io/confluent/common-config/5.3.0/common-config-5.3.0.jar:/home/ajay/.m2/repository/io/confluent/kafka-schema-registry-client/5.3.0/kafka-schema-registry-client-5.3.0.jar:/home/ajay/.m2/repository/io/confluent/common-utils/5.3.0/common-utils-5.3.0.jar:/home/ajay/.m2/repository/org/apache/zookeeper/zookeeper/3.4.14/zookeeper-3.4.14.jar:/home/ajay/.m2/repository/com/github/spotbugs/spotbugs-annotations/3.1.9/spotbugs-annotations-3.1.9.jar:/home/ajay/.m2/repository/jline/jline/0.9.94/jline-0.9.94.jar:/home/ajay/.m2/repository/org/apache/yetus/audience-annotations/0.5.0/audience-annotations-0.5.0.jar:/home/ajay/.m2/repository/io/netty/netty/3.10.6.Final/netty-3.10.6.Final.jar:/home/ajay/.m2/repository/com/101tec/zkclient/0.10/zkclient-0.10.jar:/home/ajay/.m2/repository/org/apache/kafka/kafka-clients/2.4.0/kafka-clients-2.4.0.jar:/home/ajay/.m2/repository/com/github/luben/zstd-jni/1.4.3-1/zstd-jni-1.4.3-1.jar:/home/ajay/.m2/repository/org/lz4/lz4-java/1.7.0/lz4-java-1.7.0.jar:/home/ajay/.m2/repository/org/testcontainers/kafka/1.12.4/kafka-1.12.4.jar:/home/ajay/.m2/repository/org/testcontainers/testcontainers/1.12.4/testcontainers-1.12.4.jar:/home/ajay/.m2/repository/junit/junit/4.12/junit-4.12.jar:/home/ajay/.m2/repository/org/jetbrains/annotations/17.0.0/annotations-17.0.0.jar:/home/ajay/.m2/repository/org/rnorth/duct-tape/duct-tape/1.0.8/duct-tape-1.0.8.jar:/home/ajay/.m2/repository/org/rnorth/visible-assertions/visible-assertions/2.1.2/visible-assertions-2.1.2.jar:/home/ajay/.m2/repository/org/rnorth/tcp-unix-socket-proxy/1.0.2/tcp-unix-socket-proxy-1.0.2.jar:/home/ajay/.m2/repository/com/kohlschutter/junixsocket/junixsocket-native-common/2.0.4/junixsocket-native-common-2.0.4.jar:/home/ajay/.m2/repository/org/scijava/native-lib-loader/2.0.2/native-lib-loader-2.0.2.jar:/home/ajay/.m2/repository/com/kohlschutter/junixsocket/junixsocket-common/2.0.4/junixsocket-common-2.0.4.jar:/home/ajay/.m2/repository/net/java/dev/jna/jna-platform/4.5.2/jna-platform-4.5.2.jar:/home/ajay/.m2/repository/org/zalando/problem-spring-web/0.25.2/problem-spring-web-0.25.2.jar:/home/ajay/.m2/repository/org/zalando/problem-violations/0.25.2/problem-violations-0.25.2.jar:/home/ajay/.m2/repository/org/zalando/problem-spring-common/0.25.2/problem-spring-common-0.25.2.jar:/home/ajay/.m2/repository/com/google/code/findbugs/jsr305/3.0.2/jsr305-3.0.2.jar:/home/ajay/.m2/repository/org/zalando/problem/0.23.0/problem-0.23.0.jar:/home/ajay/.m2/repository/org/zalando/jackson-datatype-problem/0.23.0/jackson-datatype-problem-0.23.0.jar:/home/ajay/.m2/repository/org/zalando/faux-pas/0.8.0/faux-pas-0.8.0.jar:/home/ajay/.m2/repository/org/springframework/boot/spring-boot-starter-oauth2-client/2.1.11.RELEASE/spring-boot-starter-oauth2-client-2.1.11.RELEASE.jar:/home/ajay/.m2/repository/org/springframework/security/spring-security-config/5.1.7.RELEASE/spring-security-config-5.1.7.RELEASE.jar:/home/ajay/.m2/repository/org/springframework/security/spring-security-oauth2-client/5.1.7.RELEASE/spring-security-oauth2-client-5.1.7.RELEASE.jar:/home/ajay/.m2/repository/com/nimbusds/oauth2-oidc-sdk/6.0/oauth2-oidc-sdk-6.0.jar:/home/ajay/.m2/repository/com/github/stephenc/jcip/jcip-annotations/1.0-1/jcip-annotations-1.0-1.jar:/home/ajay/.m2/repository/com/nimbusds/lang-tag/1.4.4/lang-tag-1.4.4.jar:/home/ajay/.m2/repository/org/springframework/security/spring-security-oauth2-core/5.1.7.RELEASE/spring-security-oauth2-core-5.1.7.RELEASE.jar:/home/ajay/.m2/repository/org/springframework/security/spring-security-oauth2-jose/5.1.7.RELEASE/spring-security-oauth2-jose-5.1.7.RELEASE.jar:/home/ajay/.m2/repository/com/nimbusds/nimbus-jose-jwt/6.0.2/nimbus-jose-jwt-6.0.2.jar:/home/ajay/.m2/repository/org/springframework/boot/spring-boot-starter-oauth2-resource-server/2.1.11.RELEASE/spring-boot-starter-oauth2-resource-server-2.1.11.RELEASE.jar:/home/ajay/.m2/repository/org/springframework/security/spring-security-oauth2-resource-server/5.1.7.RELEASE/spring-security-oauth2-resource-server-5.1.7.RELEASE.jar:/home/ajay/.m2/repository/org/springframework/security/oauth/spring-security-oauth2/2.4.0.RELEASE/spring-security-oauth2-2.4.0.RELEASE.jar:/home/ajay/.m2/repository/org/springframework/spring-beans/5.1.12.RELEASE/spring-beans-5.1.12.RELEASE.jar:/home/ajay/.m2/repository/org/springframework/spring-context/5.1.12.RELEASE/spring-context-5.1.12.RELEASE.jar:/home/ajay/.m2/repository/commons-codec/commons-codec/1.11/commons-codec-1.11.jar:/home/ajay/.m2/repository/org/springframework/security/spring-security-jwt/1.1.0.RELEASE/spring-security-jwt-1.1.0.RELEASE.jar:/home/ajay/.m2/repository/org/bouncycastle/bcpkix-jdk15on/1.64/bcpkix-jdk15on-1.64.jar:/home/ajay/.m2/repository/org/bouncycastle/bcprov-jdk15on/1.64/bcprov-jdk15on-1.64.jar:/home/ajay/.m2/repository/org/springframework/cloud/spring-cloud-starter/2.1.4.RELEASE/spring-cloud-starter-2.1.4.RELEASE.jar:/home/ajay/.m2/repository/org/springframework/cloud/spring-cloud-context/2.1.4.RELEASE/spring-cloud-context-2.1.4.RELEASE.jar:/home/ajay/.m2/repository/org/springframework/security/spring-security-crypto/5.1.7.RELEASE/spring-security-crypto-5.1.7.RELEASE.jar:/home/ajay/.m2/repository/org/springframework/cloud/spring-cloud-commons/2.1.4.RELEASE/spring-cloud-commons-2.1.4.RELEASE.jar:/home/ajay/.m2/repository/org/springframework/security/spring-security-rsa/1.0.7.RELEASE/spring-security-rsa-1.0.7.RELEASE.jar:/home/ajay/.m2/repository/org/springframework/cloud/spring-cloud-starter-netflix-ribbon/2.1.4.RELEASE/spring-cloud-starter-netflix-ribbon-2.1.4.RELEASE.jar:/home/ajay/.m2/repository/org/springframework/cloud/spring-cloud-netflix-ribbon/2.1.4.RELEASE/spring-cloud-netflix-ribbon-2.1.4.RELEASE.jar:/home/ajay/.m2/repository/org/springframework/cloud/spring-cloud-netflix-archaius/2.1.4.RELEASE/spring-cloud-netflix-archaius-2.1.4.RELEASE.jar:/home/ajay/.m2/repository/org/springframework/cloud/spring-cloud-starter-netflix-archaius/2.1.4.RELEASE/spring-cloud-starter-netflix-archaius-2.1.4.RELEASE.jar:/home/ajay/.m2/repository/com/netflix/archaius/archaius-core/0.7.6/archaius-core-0.7.6.jar:/home/ajay/.m2/repository/commons-configuration/commons-configuration/1.8/commons-configuration-1.8.jar:/home/ajay/.m2/repository/com/netflix/ribbon/ribbon/2.3.0/ribbon-2.3.0.jar:/home/ajay/.m2/repository/com/netflix/ribbon/ribbon-transport/2.3.0/ribbon-transport-2.3.0.jar:/home/ajay/.m2/repository/io/reactivex/rxnetty-contexts/0.4.9/rxnetty-contexts-0.4.9.jar:/home/ajay/.m2/repository/io/reactivex/rxnetty-servo/0.4.9/rxnetty-servo-0.4.9.jar:/home/ajay/.m2/repository/javax/inject/javax.inject/1/javax.inject-1.jar:/home/ajay/.m2/repository/io/reactivex/rxnetty/0.4.9/rxnetty-0.4.9.jar:/home/ajay/.m2/repository/com/netflix/ribbon/ribbon-core/2.3.0/ribbon-core-2.3.0.jar:/home/ajay/.m2/repository/commons-lang/commons-lang/2.6/commons-lang-2.6.jar:/home/ajay/.m2/repository/com/netflix/ribbon/ribbon-httpclient/2.3.0/ribbon-httpclient-2.3.0.jar:/home/ajay/.m2/repository/commons-collections/commons-collections/3.2.2/commons-collections-3.2.2.jar:/home/ajay/.m2/repository/com/sun/jersey/jersey-client/1.19.1/jersey-client-1.19.1.jar:/home/ajay/.m2/repository/com/sun/jersey/contribs/jersey-apache-client4/1.19.1/jersey-apache-client4-1.19.1.jar:/home/ajay/.m2/repository/com/netflix/servo/servo-core/0.12.21/servo-core-0.12.21.jar:/home/ajay/.m2/repository/com/netflix/netflix-commons/netflix-commons-util/0.3.0/netflix-commons-util-0.3.0.jar:/home/ajay/.m2/repository/com/netflix/ribbon/ribbon-loadbalancer/2.3.0/ribbon-loadbalancer-2.3.0.jar:/home/ajay/.m2/repository/com/netflix/netflix-commons/netflix-statistics/0.1.1/netflix-statistics-0.1.1.jar:/home/ajay/.m2/repository/io/reactivex/rxjava/1.3.8/rxjava-1.3.8.jar:/home/ajay/.m2/repository/org/springframework/cloud/spring-cloud-starter-netflix-hystrix/2.1.4.RELEASE/spring-cloud-starter-netflix-hystrix-2.1.4.RELEASE.jar:/home/ajay/.m2/repository/org/springframework/cloud/spring-cloud-netflix-hystrix/2.1.4.RELEASE/spring-cloud-netflix-hystrix-2.1.4.RELEASE.jar:/home/ajay/.m2/repository/com/netflix/hystrix/hystrix-core/1.5.18/hystrix-core-1.5.18.jar:/home/ajay/.m2/repository/com/netflix/hystrix/hystrix-serialization/1.5.18/hystrix-serialization-1.5.18.jar:/home/ajay/.m2/repository/com/netflix/hystrix/hystrix-metrics-event-stream/1.5.18/hystrix-metrics-event-stream-1.5.18.jar:/home/ajay/.m2/repository/com/netflix/hystrix/hystrix-javanica/1.5.18/hystrix-javanica-1.5.18.jar:/home/ajay/.m2/repository/org/ow2/asm/asm/5.0.4/asm-5.0.4.jar:/home/ajay/.m2/repository/io/reactivex/rxjava-reactive-streams/1.2.1/rxjava-reactive-streams-1.2.1.jar:/home/ajay/.m2/repository/org/reactivestreams/reactive-streams/1.0.3/reactive-streams-1.0.3.jar:/home/ajay/.m2/repository/org/springframework/retry/spring-retry/1.2.4.RELEASE/spring-retry-1.2.4.RELEASE.jar:/home/ajay/.m2/repository/org/springframework/cloud/spring-cloud-starter-netflix-eureka-client/2.1.4.RELEASE/spring-cloud-starter-netflix-eureka-client-2.1.4.RELEASE.jar:/home/ajay/.m2/repository/org/springframework/cloud/spring-cloud-netflix-eureka-client/2.1.4.RELEASE/spring-cloud-netflix-eureka-client-2.1.4.RELEASE.jar:/home/ajay/.m2/repository/com/netflix/eureka/eureka-client/1.9.13/eureka-client-1.9.13.jar:/home/ajay/.m2/repository/org/codehaus/jettison/jettison/1.3.7/jettison-1.3.7.jar:/home/ajay/.m2/repository/stax/stax-api/1.0.1/stax-api-1.0.1.jar:/home/ajay/.m2/repository/com/netflix/netflix-commons/netflix-eventbus/0.3.0/netflix-eventbus-0.3.0.jar:/home/ajay/.m2/repository/com/netflix/netflix-commons/netflix-infix/0.3.0/netflix-infix-0.3.0.jar:/home/ajay/.m2/repository/commons-jxpath/commons-jxpath/1.3/commons-jxpath-1.3.jar:/home/ajay/.m2/repository/org/antlr/antlr-runtime/3.4/antlr-runtime-3.4.jar:/home/ajay/.m2/repository/org/antlr/stringtemplate/3.2.1/stringtemplate-3.2.1.jar:/home/ajay/.m2/repository/org/apache/commons/commons-math/2.2/commons-math-2.2.jar:/home/ajay/.m2/repository/javax/ws/rs/jsr311-api/1.1.1/jsr311-api-1.1.1.jar:/home/ajay/.m2/repository/com/sun/jersey/jersey-core/1.19.1/jersey-core-1.19.1.jar:/home/ajay/.m2/repository/com/google/inject/guice/4.1.0/guice-4.1.0.jar:/home/ajay/.m2/repository/aopalliance/aopalliance/1.0/aopalliance-1.0.jar:/home/ajay/.m2/repository/com/netflix/eureka/eureka-core/1.9.13/eureka-core-1.9.13.jar:/home/ajay/.m2/repository/com/fasterxml/woodstox/woodstox-core/5.0.3/woodstox-core-5.0.3.jar:/home/ajay/.m2/repository/org/codehaus/woodstox/stax2-api/3.1.4/stax2-api-3.1.4.jar:/home/ajay/.m2/repository/com/netflix/ribbon/ribbon-eureka/2.3.0/ribbon-eureka-2.3.0.jar:/home/ajay/.m2/repository/com/thoughtworks/xstream/xstream/1.4.11.1/xstream-1.4.11.1.jar:/home/ajay/.m2/repository/xmlpull/xmlpull/1.1.3.1/xmlpull-1.1.3.1.jar:/home/ajay/.m2/repository/xpp3/xpp3_min/1.1.4c/xpp3_min-1.1.4c.jar:/home/ajay/.m2/repository/org/springframework/cloud/spring-cloud-starter-config/2.1.5.RELEASE/spring-cloud-starter-config-2.1.5.RELEASE.jar:/home/ajay/.m2/repository/org/springframework/cloud/spring-cloud-config-client/2.1.5.RELEASE/spring-cloud-config-client-2.1.5.RELEASE.jar:/home/ajay/.m2/repository/org/springframework/cloud/spring-cloud-starter-openfeign/2.1.4.RELEASE/spring-cloud-starter-openfeign-2.1.4.RELEASE.jar:/home/ajay/.m2/repository/org/springframework/cloud/spring-cloud-openfeign-core/2.1.4.RELEASE/spring-cloud-openfeign-core-2.1.4.RELEASE.jar:/home/ajay/.m2/repository/io/github/openfeign/form/feign-form-spring/3.8.0/feign-form-spring-3.8.0.jar:/home/ajay/.m2/repository/io/github/openfeign/form/feign-form/3.8.0/feign-form-3.8.0.jar:/home/ajay/.m2/repository/commons-fileupload/commons-fileupload/1.4/commons-fileupload-1.4.jar:/home/ajay/.m2/repository/io/github/openfeign/feign-core/10.4.0/feign-core-10.4.0.jar:/home/ajay/.m2/repository/io/github/openfeign/feign-slf4j/10.4.0/feign-slf4j-10.4.0.jar:/home/ajay/.m2/repository/io/github/openfeign/feign-hystrix/10.4.0/feign-hystrix-10.4.0.jar:/home/ajay/.m2/repository/org/springframework/boot/spring-boot-starter-cloud-connectors/2.1.11.RELEASE/spring-boot-starter-cloud-connectors-2.1.11.RELEASE.jar:/home/ajay/.m2/repository/org/springframework/cloud/spring-cloud-spring-service-connector/2.0.7.RELEASE/spring-cloud-spring-service-connector-2.0.7.RELEASE.jar:/home/ajay/.m2/repository/org/springframework/cloud/spring-cloud-connectors-core/2.0.7.RELEASE/spring-cloud-connectors-core-2.0.7.RELEASE.jar:/home/ajay/.m2/repository/org/springframework/cloud/spring-cloud-cloudfoundry-connector/2.0.7.RELEASE/spring-cloud-cloudfoundry-connector-2.0.7.RELEASE.jar:/home/ajay/.m2/repository/org/springframework/cloud/spring-cloud-heroku-connector/2.0.7.RELEASE/spring-cloud-heroku-connector-2.0.7.RELEASE.jar:/home/ajay/.m2/repository/org/springframework/cloud/spring-cloud-localconfig-connector/2.0.7.RELEASE/spring-cloud-localconfig-connector-2.0.7.RELEASE.jar:/home/ajay/.m2/repository/org/springframework/security/spring-security-data/5.1.7.RELEASE/spring-security-data-5.1.7.RELEASE.jar:/home/ajay/.m2/repository/org/springframework/data/spring-data-commons/2.1.14.RELEASE/spring-data-commons-2.1.14.RELEASE.jar:/home/ajay/.m2/repository/io/micrometer/micrometer-registry-prometheus/1.3.2/micrometer-registry-prometheus-1.3.2.jar:/home/ajay/.m2/repository/io/prometheus/simpleclient_common/0.7.0/simpleclient_common-0.7.0.jar:/home/ajay/.m2/repository/io/prometheus/simpleclient/0.8.0/simpleclient-0.8.0.jar:/home/ajay/.m2/repository/io/dropwizard/metrics/metrics-core/4.1.2/metrics-core-4.1.2.jar:/home/ajay/.m2/repository/org/springframework/cloud/spring-cloud-starter-oauth2/2.1.5.RELEASE/spring-cloud-starter-oauth2-2.1.5.RELEASE.jar:/home/ajay/.m2/repository/org/springframework/cloud/spring-cloud-starter-security/2.1.5.RELEASE/spring-cloud-starter-security-2.1.5.RELEASE.jar:/home/ajay/.m2/repository/org/springframework/cloud/spring-cloud-security/2.1.5.RELEASE/spring-cloud-security-2.1.5.RELEASE.jar:/home/ajay/.m2/repository/org/springframework/boot/spring-boot-starter-security/2.1.11.RELEASE/spring-boot-starter-security-2.1.11.RELEASE.jar:/home/ajay/.m2/repository/org/springframework/security/oauth/boot/spring-security-oauth2-autoconfigure/2.1.2.RELEASE/spring-security-oauth2-autoconfigure-2.1.2.RELEASE.jar:/home/ajay/.m2/repository/com/sun/xml/bind/jaxb-core/2.3.0.1/jaxb-core-2.3.0.1.jar:/home/ajay/.m2/repository/com/sun/xml/bind/jaxb-impl/2.3.0.1/jaxb-impl-2.3.0.1.jar:/home/ajay/.m2/repository/org/springframework/boot/spring-boot-starter-undertow/2.1.11.RELEASE/spring-boot-starter-undertow-2.1.11.RELEASE.jar:/home/ajay/.m2/repository/io/undertow/undertow-core/2.0.28.Final/undertow-core-2.0.28.Final.jar:/home/ajay/.m2/repository/org/jboss/xnio/xnio-api/3.3.8.Final/xnio-api-3.3.8.Final.jar:/home/ajay/.m2/repository/org/jboss/xnio/xnio-nio/3.3.8.Final/xnio-nio-3.3.8.Final.jar:/home/ajay/.m2/repository/io/undertow/undertow-servlet/2.0.28.Final/undertow-servlet-2.0.28.Final.jar:/home/ajay/.m2/repository/org/jboss/spec/javax/annotation/jboss-annotations-api_1.2_spec/1.0.2.Final/jboss-annotations-api_1.2_spec-1.0.2.Final.jar:/home/ajay/.m2/repository/io/undertow/undertow-websockets-jsr/2.0.28.Final/undertow-websockets-jsr-2.0.28.Final.jar:/home/ajay/.m2/repository/org/jboss/spec/javax/websocket/jboss-websocket-api_1.1_spec/1.1.4.Final/jboss-websocket-api_1.1_spec-1.1.4.Final.jar:/home/ajay/.m2/repository/javax/servlet/javax.servlet-api/4.0.1/javax.servlet-api-4.0.1.jar:/home/ajay/.m2/repository/org/glassfish/javax.el/3.0.0/javax.el-3.0.0.jar:/home/ajay/.m2/repository/org/springframework/boot/spring-boot-devtools/2.1.11.RELEASE/spring-boot-devtools-2.1.11.RELEASE.jar:"/>
    <property name="java.vm.vendor" value="Private Build"/>
    <property name="sun.arch.data.model" value="64"/>
    <property name="java.vendor.url" value="http://java.oracle.com/"/>
    <property name="user.timezone" value="Asia/Colombo"/>
    <property name="java.vm.specification.version" value="1.8"/>
    <property name="os.name" value="Linux"/>
    <property name="user.country" value="US"/>
    <property name="sun.java.launcher" value="SUN_STANDARD"/>
    <property name="sun.boot.library.path" value="/usr/lib/jvm/java-8-openjdk-amd64/jre/lib/amd64"/>
    <property name="sun.java.command" value="/media/ajay/A486055086052500/Ayoos/patient-service/target/surefire/surefirebooter319780587087263374.jar /media/ajay/A486055086052500/Ayoos/patient-service/target/surefire 2020-03-06T13-36-18_951-jvmRun1 surefire2188183810932563867tmp surefire_05933684388328997026tmp"/>
    <property name="surefire.test.class.path" value="/media/ajay/A486055086052500/Ayoos/patient-service/target/test-classes:/media/ajay/A486055086052500/Ayoos/patient-service/target/classes:/home/ajay/.m2/repository/org/elasticsearch/elasticsearch/6.8.5/elasticsearch-6.8.5.jar:/home/ajay/.m2/repository/org/elasticsearch/elasticsearch-core/6.8.5/elasticsearch-core-6.8.5.jar:/home/ajay/.m2/repository/org/elasticsearch/elasticsearch-secure-sm/6.8.5/elasticsearch-secure-sm-6.8.5.jar:/home/ajay/.m2/repository/org/elasticsearch/elasticsearch-x-content/6.8.5/elasticsearch-x-content-6.8.5.jar:/home/ajay/.m2/repository/com/fasterxml/jackson/dataformat/jackson-dataformat-smile/2.9.10/jackson-dataformat-smile-2.9.10.jar:/home/ajay/.m2/repository/com/fasterxml/jackson/dataformat/jackson-dataformat-yaml/2.9.10/jackson-dataformat-yaml-2.9.10.jar:/home/ajay/.m2/repository/com/fasterxml/jackson/dataformat/jackson-dataformat-cbor/2.9.10/jackson-dataformat-cbor-2.9.10.jar:/home/ajay/.m2/repository/org/apache/lucene/lucene-core/7.7.2/lucene-core-7.7.2.jar:/home/ajay/.m2/repository/org/apache/lucene/lucene-analyzers-common/7.7.2/lucene-analyzers-common-7.7.2.jar:/home/ajay/.m2/repository/org/apache/lucene/lucene-backward-codecs/7.7.2/lucene-backward-codecs-7.7.2.jar:/home/ajay/.m2/repository/org/apache/lucene/lucene-grouping/7.7.2/lucene-grouping-7.7.2.jar:/home/ajay/.m2/repository/org/apache/lucene/lucene-highlighter/7.7.2/lucene-highlighter-7.7.2.jar:/home/ajay/.m2/repository/org/apache/lucene/lucene-join/7.7.2/lucene-join-7.7.2.jar:/home/ajay/.m2/repository/org/apache/lucene/lucene-memory/7.7.2/lucene-memory-7.7.2.jar:/home/ajay/.m2/repository/org/apache/lucene/lucene-misc/7.7.2/lucene-misc-7.7.2.jar:/home/ajay/.m2/repository/org/apache/lucene/lucene-queries/7.7.2/lucene-queries-7.7.2.jar:/home/ajay/.m2/repository/org/apache/lucene/lucene-queryparser/7.7.2/lucene-queryparser-7.7.2.jar:/home/ajay/.m2/repository/org/apache/lucene/lucene-sandbox/7.7.2/lucene-sandbox-7.7.2.jar:/home/ajay/.m2/repository/org/apache/lucene/lucene-spatial/7.7.2/lucene-spatial-7.7.2.jar:/home/ajay/.m2/repository/org/apache/lucene/lucene-spatial-extras/7.7.2/lucene-spatial-extras-7.7.2.jar:/home/ajay/.m2/repository/org/apache/lucene/lucene-spatial3d/7.7.2/lucene-spatial3d-7.7.2.jar:/home/ajay/.m2/repository/org/apache/lucene/lucene-suggest/7.7.2/lucene-suggest-7.7.2.jar:/home/ajay/.m2/repository/org/elasticsearch/elasticsearch-cli/6.8.5/elasticsearch-cli-6.8.5.jar:/home/ajay/.m2/repository/net/sf/jopt-simple/jopt-simple/5.0.2/jopt-simple-5.0.2.jar:/home/ajay/.m2/repository/com/carrotsearch/hppc/0.7.1/hppc-0.7.1.jar:/home/ajay/.m2/repository/joda-time/joda-time/2.10.5/joda-time-2.10.5.jar:/home/ajay/.m2/repository/com/tdunning/t-digest/3.2/t-digest-3.2.jar:/home/ajay/.m2/repository/org/hdrhistogram/HdrHistogram/2.1.9/HdrHistogram-2.1.9.jar:/home/ajay/.m2/repository/org/apache/logging/log4j/log4j-api/2.11.2/log4j-api-2.11.2.jar:/home/ajay/.m2/repository/org/elasticsearch/jna/4.5.1/jna-4.5.1.jar:/home/ajay/.m2/repository/org/elasticsearch/client/elasticsearch-rest-high-level-client/6.8.5/elasticsearch-rest-high-level-client-6.8.5.jar:/home/ajay/.m2/repository/org/elasticsearch/client/elasticsearch-rest-client/6.4.3/elasticsearch-rest-client-6.4.3.jar:/home/ajay/.m2/repository/org/apache/httpcomponents/httpclient/4.5.10/httpclient-4.5.10.jar:/home/ajay/.m2/repository/org/apache/httpcomponents/httpcore/4.4.12/httpcore-4.4.12.jar:/home/ajay/.m2/repository/org/apache/httpcomponents/httpasyncclient/4.1.4/httpasyncclient-4.1.4.jar:/home/ajay/.m2/repository/org/apache/httpcomponents/httpcore-nio/4.4.12/httpcore-nio-4.4.12.jar:/home/ajay/.m2/repository/org/elasticsearch/plugin/parent-join-client/6.8.5/parent-join-client-6.8.5.jar:/home/ajay/.m2/repository/org/elasticsearch/plugin/aggs-matrix-stats-client/6.8.5/aggs-matrix-stats-client-6.8.5.jar:/home/ajay/.m2/repository/org/elasticsearch/plugin/rank-eval-client/6.8.5/rank-eval-client-6.8.5.jar:/home/ajay/.m2/repository/org/elasticsearch/plugin/lang-mustache-client/6.8.5/lang-mustache-client-6.8.5.jar:/home/ajay/.m2/repository/com/github/spullara/mustache/java/compiler/0.9.3/compiler-0.9.3.jar:/home/ajay/.m2/repository/io/github/jhipster/jhipster-framework/3.1.0/jhipster-framework-3.1.0.jar:/home/ajay/.m2/repository/org/springframework/spring-context-support/5.1.12.RELEASE/spring-context-support-5.1.12.RELEASE.jar:/home/ajay/.m2/repository/org/springframework/boot/spring-boot-autoconfigure/2.1.11.RELEASE/spring-boot-autoconfigure-2.1.11.RELEASE.jar:/home/ajay/.m2/repository/org/springframework/boot/spring-boot-starter-cache/2.1.11.RELEASE/spring-boot-starter-cache-2.1.11.RELEASE.jar:/home/ajay/.m2/repository/org/springframework/boot/spring-boot-starter/2.1.11.RELEASE/spring-boot-starter-2.1.11.RELEASE.jar:/home/ajay/.m2/repository/javax/annotation/javax.annotation-api/1.3.2/javax.annotation-api-1.3.2.jar:/home/ajay/.m2/repository/com/fasterxml/jackson/datatype/jackson-datatype-hibernate5/2.9.10/jackson-datatype-hibernate5-2.9.10.jar:/home/ajay/.m2/repository/javax/transaction/jta/1.1/jta-1.1.jar:/home/ajay/.m2/repository/com/fasterxml/jackson/core/jackson-core/2.9.10/jackson-core-2.9.10.jar:/home/ajay/.m2/repository/com/fasterxml/jackson/core/jackson-databind/2.9.10.1/jackson-databind-2.9.10.1.jar:/home/ajay/.m2/repository/com/fasterxml/jackson/datatype/jackson-datatype-hppc/2.9.10/jackson-datatype-hppc-2.9.10.jar:/home/ajay/.m2/repository/com/fasterxml/jackson/datatype/jackson-datatype-jsr310/2.9.10/jackson-datatype-jsr310-2.9.10.jar:/home/ajay/.m2/repository/com/fasterxml/jackson/core/jackson-annotations/2.9.10/jackson-annotations-2.9.10.jar:/home/ajay/.m2/repository/com/fasterxml/jackson/module/jackson-module-afterburner/2.9.10/jackson-module-afterburner-2.9.10.jar:/home/ajay/.m2/repository/com/h2database/h2/1.4.200/h2-1.4.200.jar:/home/ajay/.m2/repository/com/hazelcast/hazelcast/3.11.5/hazelcast-3.11.5.jar:/home/ajay/.m2/repository/com/hazelcast/hazelcast-hibernate53/1.3.2/hazelcast-hibernate53-1.3.2.jar:/home/ajay/.m2/repository/com/hazelcast/hazelcast-spring/3.11.5/hazelcast-spring-3.11.5.jar:/home/ajay/.m2/repository/com/jayway/jsonpath/json-path/2.4.0/json-path-2.4.0.jar:/home/ajay/.m2/repository/net/minidev/json-smart/2.3/json-smart-2.3.jar:/home/ajay/.m2/repository/net/minidev/accessors-smart/1.2/accessors-smart-1.2.jar:/home/ajay/.m2/repository/org/slf4j/slf4j-api/1.7.29/slf4j-api-1.7.29.jar:/home/ajay/.m2/repository/io/springfox/springfox-swagger2/2.9.2/springfox-swagger2-2.9.2.jar:/home/ajay/.m2/repository/io/swagger/swagger-annotations/1.5.20/swagger-annotations-1.5.20.jar:/home/ajay/.m2/repository/io/swagger/swagger-models/1.5.20/swagger-models-1.5.20.jar:/home/ajay/.m2/repository/io/springfox/springfox-spi/2.9.2/springfox-spi-2.9.2.jar:/home/ajay/.m2/repository/io/springfox/springfox-core/2.9.2/springfox-core-2.9.2.jar:/home/ajay/.m2/repository/io/springfox/springfox-schema/2.9.2/springfox-schema-2.9.2.jar:/home/ajay/.m2/repository/io/springfox/springfox-swagger-common/2.9.2/springfox-swagger-common-2.9.2.jar:/home/ajay/.m2/repository/io/springfox/springfox-spring-web/2.9.2/springfox-spring-web-2.9.2.jar:/home/ajay/.m2/repository/com/google/guava/guava/28.1-jre/guava-28.1-jre.jar:/home/ajay/.m2/repository/com/google/guava/failureaccess/1.0.1/failureaccess-1.0.1.jar:/home/ajay/.m2/repository/com/google/guava/listenablefuture/9999.0-empty-to-avoid-conflict-with-guava/listenablefuture-9999.0-empty-to-avoid-conflict-with-guava.jar:/home/ajay/.m2/repository/org/checkerframework/checker-qual/2.8.1/checker-qual-2.8.1.jar:/home/ajay/.m2/repository/com/google/errorprone/error_prone_annotations/2.3.2/error_prone_annotations-2.3.2.jar:/home/ajay/.m2/repository/com/google/j2objc/j2objc-annotations/1.3/j2objc-annotations-1.3.jar:/home/ajay/.m2/repository/org/codehaus/mojo/animal-sniffer-annotations/1.18/animal-sniffer-annotations-1.18.jar:/home/ajay/.m2/repository/com/fasterxml/classmate/1.4.0/classmate-1.4.0.jar:/home/ajay/.m2/repository/org/springframework/plugin/spring-plugin-core/1.2.0.RELEASE/spring-plugin-core-1.2.0.RELEASE.jar:/home/ajay/.m2/repository/org/springframework/plugin/spring-plugin-metadata/1.2.0.RELEASE/spring-plugin-metadata-1.2.0.RELEASE.jar:/home/ajay/.m2/repository/io/springfox/springfox-bean-validators/2.9.2/springfox-bean-validators-2.9.2.jar:/home/ajay/.m2/repository/com/zaxxer/HikariCP/3.2.0/HikariCP-3.2.0.jar:/home/ajay/.m2/repository/commons-io/commons-io/2.6/commons-io-2.6.jar:/home/ajay/.m2/repository/org/apache/commons/commons-lang3/3.8.1/commons-lang3-3.8.1.jar:/home/ajay/.m2/repository/javax/cache/cache-api/1.1.1/cache-api-1.1.1.jar:/home/ajay/.m2/repository/mysql/mysql-connector-java/8.0.18/mysql-connector-java-8.0.18.jar:/home/ajay/.m2/repository/com/google/protobuf/protobuf-java/3.6.1/protobuf-java-3.6.1.jar:/home/ajay/.m2/repository/org/junit/jupiter/junit-jupiter-engine/5.3.2/junit-jupiter-engine-5.3.2.jar:/home/ajay/.m2/repository/org/apiguardian/apiguardian-api/1.0.0/apiguardian-api-1.0.0.jar:/home/ajay/.m2/repository/org/junit/platform/junit-platform-engine/1.3.2/junit-platform-engine-1.3.2.jar:/home/ajay/.m2/repository/org/junit/platform/junit-platform-commons/1.3.2/junit-platform-commons-1.3.2.jar:/home/ajay/.m2/repository/org/opentest4j/opentest4j/1.1.1/opentest4j-1.1.1.jar:/home/ajay/.m2/repository/org/junit/jupiter/junit-jupiter-api/5.3.2/junit-jupiter-api-5.3.2.jar:/home/ajay/.m2/repository/org/assertj/assertj-core/3.11.1/assertj-core-3.11.1.jar:/home/ajay/.m2/repository/org/hibernate/hibernate-jpamodelgen/5.3.14.Final/hibernate-jpamodelgen-5.3.14.Final.jar:/home/ajay/.m2/repository/org/jboss/logging/jboss-logging/3.3.3.Final/jboss-logging-3.3.3.Final.jar:/home/ajay/.m2/repository/javax/xml/bind/jaxb-api/2.3.1/jaxb-api-2.3.1.jar:/home/ajay/.m2/repository/org/glassfish/jaxb/jaxb-runtime/2.3.1/jaxb-runtime-2.3.1.jar:/home/ajay/.m2/repository/org/glassfish/jaxb/txw2/2.3.1/txw2-2.3.1.jar:/home/ajay/.m2/repository/com/sun/istack/istack-commons-runtime/3.0.7/istack-commons-runtime-3.0.7.jar:/home/ajay/.m2/repository/org/jvnet/staxex/stax-ex/1.8/stax-ex-1.8.jar:/home/ajay/.m2/repository/com/sun/xml/fastinfoset/FastInfoset/1.2.15/FastInfoset-1.2.15.jar:/home/ajay/.m2/repository/org/hibernate/hibernate-core/5.3.14.Final/hibernate-core-5.3.14.Final.jar:/home/ajay/.m2/repository/javax/persistence/javax.persistence-api/2.2/javax.persistence-api-2.2.jar:/home/ajay/.m2/repository/org/javassist/javassist/3.23.2-GA/javassist-3.23.2-GA.jar:/home/ajay/.m2/repository/net/bytebuddy/byte-buddy/1.9.16/byte-buddy-1.9.16.jar:/home/ajay/.m2/repository/antlr/antlr/2.7.7/antlr-2.7.7.jar:/home/ajay/.m2/repository/org/jboss/spec/javax/transaction/jboss-transaction-api_1.2_spec/1.1.1.Final/jboss-transaction-api_1.2_spec-1.1.1.Final.jar:/home/ajay/.m2/repository/org/jboss/jandex/2.0.5.Final/jandex-2.0.5.Final.jar:/home/ajay/.m2/repository/javax/activation/javax.activation-api/1.2.0/javax.activation-api-1.2.0.jar:/home/ajay/.m2/repository/org/dom4j/dom4j/2.1.1/dom4j-2.1.1.jar:/home/ajay/.m2/repository/org/hibernate/common/hibernate-commons-annotations/5.0.4.Final/hibernate-commons-annotations-5.0.4.Final.jar:/home/ajay/.m2/repository/org/hibernate/validator/hibernate-validator/6.0.18.Final/hibernate-validator-6.0.18.Final.jar:/home/ajay/.m2/repository/javax/validation/validation-api/2.0.1.Final/validation-api-2.0.1.Final.jar:/home/ajay/.m2/repository/org/liquibase/liquibase-core/3.6.3/liquibase-core-3.6.3.jar:/home/ajay/.m2/repository/org/yaml/snakeyaml/1.23/snakeyaml-1.23.jar:/home/ajay/.m2/repository/net/logstash/logback/logstash-logback-encoder/6.3/logstash-logback-encoder-6.3.jar:/home/ajay/.m2/repository/org/mapstruct/mapstruct/1.3.1.Final/mapstruct-1.3.1.Final.jar:/home/ajay/.m2/repository/org/mapstruct/mapstruct-processor/1.3.1.Final/mapstruct-processor-1.3.1.Final.jar:/home/ajay/.m2/repository/org/springframework/boot/spring-boot-configuration-processor/2.1.11.RELEASE/spring-boot-configuration-processor-2.1.11.RELEASE.jar:/home/ajay/.m2/repository/org/springframework/boot/spring-boot-loader-tools/2.1.11.RELEASE/spring-boot-loader-tools-2.1.11.RELEASE.jar:/home/ajay/.m2/repository/org/springframework/spring-core/5.1.12.RELEASE/spring-core-5.1.12.RELEASE.jar:/home/ajay/.m2/repository/org/springframework/spring-jcl/5.1.12.RELEASE/spring-jcl-5.1.12.RELEASE.jar:/home/ajay/.m2/repository/org/apache/commons/commons-compress/1.18/commons-compress-1.18.jar:/home/ajay/.m2/repository/org/springframework/boot/spring-boot-starter-actuator/2.1.11.RELEASE/spring-boot-starter-actuator-2.1.11.RELEASE.jar:/home/ajay/.m2/repository/org/springframework/boot/spring-boot-actuator-autoconfigure/2.1.11.RELEASE/spring-boot-actuator-autoconfigure-2.1.11.RELEASE.jar:/home/ajay/.m2/repository/org/springframework/boot/spring-boot-actuator/2.1.11.RELEASE/spring-boot-actuator-2.1.11.RELEASE.jar:/home/ajay/.m2/repository/io/micrometer/micrometer-core/1.3.2/micrometer-core-1.3.2.jar:/home/ajay/.m2/repository/org/latencyutils/LatencyUtils/2.0.3/LatencyUtils-2.0.3.jar:/home/ajay/.m2/repository/org/springframework/boot/spring-boot-starter-aop/2.1.11.RELEASE/spring-boot-starter-aop-2.1.11.RELEASE.jar:/home/ajay/.m2/repository/org/springframework/spring-aop/5.1.12.RELEASE/spring-aop-5.1.12.RELEASE.jar:/home/ajay/.m2/repository/org/aspectj/aspectjweaver/1.9.5/aspectjweaver-1.9.5.jar:/home/ajay/.m2/repository/org/springframework/boot/spring-boot-starter-data-jpa/2.1.11.RELEASE/spring-boot-starter-data-jpa-2.1.11.RELEASE.jar:/home/ajay/.m2/repository/org/springframework/boot/spring-boot-starter-jdbc/2.1.11.RELEASE/spring-boot-starter-jdbc-2.1.11.RELEASE.jar:/home/ajay/.m2/repository/org/springframework/spring-jdbc/5.1.12.RELEASE/spring-jdbc-5.1.12.RELEASE.jar:/home/ajay/.m2/repository/javax/transaction/javax.transaction-api/1.3/javax.transaction-api-1.3.jar:/home/ajay/.m2/repository/org/springframework/data/spring-data-jpa/2.1.14.RELEASE/spring-data-jpa-2.1.14.RELEASE.jar:/home/ajay/.m2/repository/org/springframework/spring-orm/5.1.12.RELEASE/spring-orm-5.1.12.RELEASE.jar:/home/ajay/.m2/repository/org/springframework/spring-tx/5.1.12.RELEASE/spring-tx-5.1.12.RELEASE.jar:/home/ajay/.m2/repository/org/springframework/spring-aspects/5.1.12.RELEASE/spring-aspects-5.1.12.RELEASE.jar:/home/ajay/.m2/repository/org/springframework/boot/spring-boot-starter-data-elasticsearch/2.1.11.RELEASE/spring-boot-starter-data-elasticsearch-2.1.11.RELEASE.jar:/home/ajay/.m2/repository/org/springframework/data/spring-data-elasticsearch/3.1.14.RELEASE/spring-data-elasticsearch-3.1.14.RELEASE.jar:/home/ajay/.m2/repository/org/elasticsearch/client/transport/6.4.3/transport-6.4.3.jar:/home/ajay/.m2/repository/org/elasticsearch/plugin/reindex-client/6.4.3/reindex-client-6.4.3.jar:/home/ajay/.m2/repository/org/elasticsearch/plugin/percolator-client/6.4.3/percolator-client-6.4.3.jar:/home/ajay/.m2/repository/org/elasticsearch/plugin/transport-netty4-client/6.4.3/transport-netty4-client-6.4.3.jar:/home/ajay/.m2/repository/io/netty/netty-buffer/4.1.43.Final/netty-buffer-4.1.43.Final.jar:/home/ajay/.m2/repository/io/netty/netty-codec/4.1.43.Final/netty-codec-4.1.43.Final.jar:/home/ajay/.m2/repository/io/netty/netty-codec-http/4.1.43.Final/netty-codec-http-4.1.43.Final.jar:/home/ajay/.m2/repository/io/netty/netty-common/4.1.43.Final/netty-common-4.1.43.Final.jar:/home/ajay/.m2/repository/io/netty/netty-handler/4.1.43.Final/netty-handler-4.1.43.Final.jar:/home/ajay/.m2/repository/io/netty/netty-resolver/4.1.43.Final/netty-resolver-4.1.43.Final.jar:/home/ajay/.m2/repository/io/netty/netty-transport/4.1.43.Final/netty-transport-4.1.43.Final.jar:/home/ajay/.m2/repository/com/github/vanroy/spring-boot-starter-data-jest/3.2.5.RELEASE/spring-boot-starter-data-jest-3.2.5.RELEASE.jar:/home/ajay/.m2/repository/com/github/vanroy/spring-data-jest/3.2.5.RELEASE/spring-data-jest-3.2.5.RELEASE.jar:/home/ajay/.m2/repository/io/searchbox/jest/6.3.1/jest-6.3.1.jar:/home/ajay/.m2/repository/io/searchbox/jest-common/6.3.1/jest-common-6.3.1.jar:/home/ajay/.m2/repository/com/google/code/gson/gson/2.8.6/gson-2.8.6.jar:/home/ajay/.m2/repository/net/java/dev/jna/jna/4.5.2/jna-4.5.2.jar:/home/ajay/.m2/repository/de/dentrassi/elasticsearch/log4j2-mock/0.0.1/log4j2-mock-0.0.1.jar:/home/ajay/.m2/repository/org/springframework/boot/spring-boot-starter-logging/2.1.11.RELEASE/spring-boot-starter-logging-2.1.11.RELEASE.jar:/home/ajay/.m2/repository/ch/qos/logback/logback-classic/1.2.3/logback-classic-1.2.3.jar:/home/ajay/.m2/repository/ch/qos/logback/logback-core/1.2.3/logback-core-1.2.3.jar:/home/ajay/.m2/repository/org/apache/logging/log4j/log4j-to-slf4j/2.11.2/log4j-to-slf4j-2.11.2.jar:/home/ajay/.m2/repository/org/slf4j/jul-to-slf4j/1.7.29/jul-to-slf4j-1.7.29.jar:/home/ajay/.m2/repository/org/springframework/boot/spring-boot-starter-mail/2.1.11.RELEASE/spring-boot-starter-mail-2.1.11.RELEASE.jar:/home/ajay/.m2/repository/com/sun/mail/javax.mail/1.6.2/javax.mail-1.6.2.jar:/home/ajay/.m2/repository/javax/activation/activation/1.1/activation-1.1.jar:/home/ajay/.m2/repository/org/springframework/boot/spring-boot-starter-thymeleaf/2.1.11.RELEASE/spring-boot-starter-thymeleaf-2.1.11.RELEASE.jar:/home/ajay/.m2/repository/org/thymeleaf/thymeleaf-spring5/3.0.11.RELEASE/thymeleaf-spring5-3.0.11.RELEASE.jar:/home/ajay/.m2/repository/org/thymeleaf/thymeleaf/3.0.11.RELEASE/thymeleaf-3.0.11.RELEASE.jar:/home/ajay/.m2/repository/org/attoparser/attoparser/2.0.5.RELEASE/attoparser-2.0.5.RELEASE.jar:/home/ajay/.m2/repository/org/unbescape/unbescape/1.1.6.RELEASE/unbescape-1.1.6.RELEASE.jar:/home/ajay/.m2/repository/org/thymeleaf/extras/thymeleaf-extras-java8time/3.0.4.RELEASE/thymeleaf-extras-java8time-3.0.4.RELEASE.jar:/home/ajay/.m2/repository/org/springframework/boot/spring-boot-starter-web/2.1.11.RELEASE/spring-boot-starter-web-2.1.11.RELEASE.jar:/home/ajay/.m2/repository/org/springframework/boot/spring-boot-starter-json/2.1.11.RELEASE/spring-boot-starter-json-2.1.11.RELEASE.jar:/home/ajay/.m2/repository/com/fasterxml/jackson/datatype/jackson-datatype-jdk8/2.9.10/jackson-datatype-jdk8-2.9.10.jar:/home/ajay/.m2/repository/com/fasterxml/jackson/module/jackson-module-parameter-names/2.9.10/jackson-module-parameter-names-2.9.10.jar:/home/ajay/.m2/repository/org/springframework/spring-web/5.1.12.RELEASE/spring-web-5.1.12.RELEASE.jar:/home/ajay/.m2/repository/org/springframework/spring-webmvc/5.1.12.RELEASE/spring-webmvc-5.1.12.RELEASE.jar:/home/ajay/.m2/repository/org/springframework/spring-expression/5.1.12.RELEASE/spring-expression-5.1.12.RELEASE.jar:/home/ajay/.m2/repository/org/springframework/boot/spring-boot-starter-test/2.1.11.RELEASE/spring-boot-starter-test-2.1.11.RELEASE.jar:/home/ajay/.m2/repository/org/springframework/boot/spring-boot-test-autoconfigure/2.1.11.RELEASE/spring-boot-test-autoconfigure-2.1.11.RELEASE.jar:/home/ajay/.m2/repository/org/mockito/mockito-core/2.23.4/mockito-core-2.23.4.jar:/home/ajay/.m2/repository/net/bytebuddy/byte-buddy-agent/1.9.16/byte-buddy-agent-1.9.16.jar:/home/ajay/.m2/repository/org/objenesis/objenesis/2.6/objenesis-2.6.jar:/home/ajay/.m2/repository/org/hamcrest/hamcrest-core/1.3/hamcrest-core-1.3.jar:/home/ajay/.m2/repository/org/hamcrest/hamcrest-library/1.3/hamcrest-library-1.3.jar:/home/ajay/.m2/repository/org/skyscreamer/jsonassert/1.5.0/jsonassert-1.5.0.jar:/home/ajay/.m2/repository/org/springframework/spring-test/5.1.12.RELEASE/spring-test-5.1.12.RELEASE.jar:/home/ajay/.m2/repository/org/xmlunit/xmlunit-core/2.6.3/xmlunit-core-2.6.3.jar:/home/ajay/.m2/repository/org/springframework/boot/spring-boot-test/2.1.11.RELEASE/spring-boot-test-2.1.11.RELEASE.jar:/home/ajay/.m2/repository/org/springframework/boot/spring-boot/2.1.11.RELEASE/spring-boot-2.1.11.RELEASE.jar:/home/ajay/.m2/repository/org/springframework/security/spring-security-test/5.1.7.RELEASE/spring-security-test-5.1.7.RELEASE.jar:/home/ajay/.m2/repository/org/springframework/security/spring-security-core/5.1.7.RELEASE/spring-security-core-5.1.7.RELEASE.jar:/home/ajay/.m2/repository/org/springframework/security/spring-security-web/5.1.7.RELEASE/spring-security-web-5.1.7.RELEASE.jar:/home/ajay/.m2/repository/com/tngtech/archunit/archunit-junit5-api/0.12.0/archunit-junit5-api-0.12.0.jar:/home/ajay/.m2/repository/com/tngtech/archunit/archunit/0.12.0/archunit-0.12.0.jar:/home/ajay/.m2/repository/com/tngtech/archunit/archunit-junit5-engine/0.12.0/archunit-junit5-engine-0.12.0.jar:/home/ajay/.m2/repository/com/tngtech/archunit/archunit-junit5-engine-api/0.12.0/archunit-junit5-engine-api-0.12.0.jar:/home/ajay/.m2/repository/org/apache/avro/avro/1.8.2/avro-1.8.2.jar:/home/ajay/.m2/repository/org/codehaus/jackson/jackson-core-asl/1.9.13/jackson-core-asl-1.9.13.jar:/home/ajay/.m2/repository/org/codehaus/jackson/jackson-mapper-asl/1.9.13/jackson-mapper-asl-1.9.13.jar:/home/ajay/.m2/repository/com/thoughtworks/paranamer/paranamer/2.7/paranamer-2.7.jar:/home/ajay/.m2/repository/org/xerial/snappy/snappy-java/1.1.1.3/snappy-java-1.1.1.3.jar:/home/ajay/.m2/repository/org/tukaani/xz/1.5/xz-1.5.jar:/home/ajay/.m2/repository/io/confluent/kafka-streams-avro-serde/5.3.0/kafka-streams-avro-serde-5.3.0.jar:/home/ajay/.m2/repository/io/confluent/kafka-avro-serializer/5.3.0/kafka-avro-serializer-5.3.0.jar:/home/ajay/.m2/repository/io/confluent/common-config/5.3.0/common-config-5.3.0.jar:/home/ajay/.m2/repository/io/confluent/kafka-schema-registry-client/5.3.0/kafka-schema-registry-client-5.3.0.jar:/home/ajay/.m2/repository/io/confluent/common-utils/5.3.0/common-utils-5.3.0.jar:/home/ajay/.m2/repository/org/apache/zookeeper/zookeeper/3.4.14/zookeeper-3.4.14.jar:/home/ajay/.m2/repository/com/github/spotbugs/spotbugs-annotations/3.1.9/spotbugs-annotations-3.1.9.jar:/home/ajay/.m2/repository/jline/jline/0.9.94/jline-0.9.94.jar:/home/ajay/.m2/repository/org/apache/yetus/audience-annotations/0.5.0/audience-annotations-0.5.0.jar:/home/ajay/.m2/repository/io/netty/netty/3.10.6.Final/netty-3.10.6.Final.jar:/home/ajay/.m2/repository/com/101tec/zkclient/0.10/zkclient-0.10.jar:/home/ajay/.m2/repository/org/apache/kafka/kafka-clients/2.4.0/kafka-clients-2.4.0.jar:/home/ajay/.m2/repository/com/github/luben/zstd-jni/1.4.3-1/zstd-jni-1.4.3-1.jar:/home/ajay/.m2/repository/org/lz4/lz4-java/1.7.0/lz4-java-1.7.0.jar:/home/ajay/.m2/repository/org/testcontainers/kafka/1.12.4/kafka-1.12.4.jar:/home/ajay/.m2/repository/org/testcontainers/testcontainers/1.12.4/testcontainers-1.12.4.jar:/home/ajay/.m2/repository/junit/junit/4.12/junit-4.12.jar:/home/ajay/.m2/repository/org/jetbrains/annotations/17.0.0/annotations-17.0.0.jar:/home/ajay/.m2/repository/org/rnorth/duct-tape/duct-tape/1.0.8/duct-tape-1.0.8.jar:/home/ajay/.m2/repository/org/rnorth/visible-assertions/visible-assertions/2.1.2/visible-assertions-2.1.2.jar:/home/ajay/.m2/repository/org/rnorth/tcp-unix-socket-proxy/1.0.2/tcp-unix-socket-proxy-1.0.2.jar:/home/ajay/.m2/repository/com/kohlschutter/junixsocket/junixsocket-native-common/2.0.4/junixsocket-native-common-2.0.4.jar:/home/ajay/.m2/repository/org/scijava/native-lib-loader/2.0.2/native-lib-loader-2.0.2.jar:/home/ajay/.m2/repository/com/kohlschutter/junixsocket/junixsocket-common/2.0.4/junixsocket-common-2.0.4.jar:/home/ajay/.m2/repository/net/java/dev/jna/jna-platform/4.5.2/jna-platform-4.5.2.jar:/home/ajay/.m2/repository/org/zalando/problem-spring-web/0.25.2/problem-spring-web-0.25.2.jar:/home/ajay/.m2/repository/org/zalando/problem-violations/0.25.2/problem-violations-0.25.2.jar:/home/ajay/.m2/repository/org/zalando/problem-spring-common/0.25.2/problem-spring-common-0.25.2.jar:/home/ajay/.m2/repository/com/google/code/findbugs/jsr305/3.0.2/jsr305-3.0.2.jar:/home/ajay/.m2/repository/org/zalando/problem/0.23.0/problem-0.23.0.jar:/home/ajay/.m2/repository/org/zalando/jackson-datatype-problem/0.23.0/jackson-datatype-problem-0.23.0.jar:/home/ajay/.m2/repository/org/zalando/faux-pas/0.8.0/faux-pas-0.8.0.jar:/home/ajay/.m2/repository/org/springframework/boot/spring-boot-starter-oauth2-client/2.1.11.RELEASE/spring-boot-starter-oauth2-client-2.1.11.RELEASE.jar:/home/ajay/.m2/repository/org/springframework/security/spring-security-config/5.1.7.RELEASE/spring-security-config-5.1.7.RELEASE.jar:/home/ajay/.m2/repository/org/springframework/security/spring-security-oauth2-client/5.1.7.RELEASE/spring-security-oauth2-client-5.1.7.RELEASE.jar:/home/ajay/.m2/repository/com/nimbusds/oauth2-oidc-sdk/6.0/oauth2-oidc-sdk-6.0.jar:/home/ajay/.m2/repository/com/github/stephenc/jcip/jcip-annotations/1.0-1/jcip-annotations-1.0-1.jar:/home/ajay/.m2/repository/com/nimbusds/lang-tag/1.4.4/lang-tag-1.4.4.jar:/home/ajay/.m2/repository/org/springframework/security/spring-security-oauth2-core/5.1.7.RELEASE/spring-security-oauth2-core-5.1.7.RELEASE.jar:/home/ajay/.m2/repository/org/springframework/security/spring-security-oauth2-jose/5.1.7.RELEASE/spring-security-oauth2-jose-5.1.7.RELEASE.jar:/home/ajay/.m2/repository/com/nimbusds/nimbus-jose-jwt/6.0.2/nimbus-jose-jwt-6.0.2.jar:/home/ajay/.m2/repository/org/springframework/boot/spring-boot-starter-oauth2-resource-server/2.1.11.RELEASE/spring-boot-starter-oauth2-resource-server-2.1.11.RELEASE.jar:/home/ajay/.m2/repository/org/springframework/security/spring-security-oauth2-resource-server/5.1.7.RELEASE/spring-security-oauth2-resource-server-5.1.7.RELEASE.jar:/home/ajay/.m2/repository/org/springframework/security/oauth/spring-security-oauth2/2.4.0.RELEASE/spring-security-oauth2-2.4.0.RELEASE.jar:/home/ajay/.m2/repository/org/springframework/spring-beans/5.1.12.RELEASE/spring-beans-5.1.12.RELEASE.jar:/home/ajay/.m2/repository/org/springframework/spring-context/5.1.12.RELEASE/spring-context-5.1.12.RELEASE.jar:/home/ajay/.m2/repository/commons-codec/commons-codec/1.11/commons-codec-1.11.jar:/home/ajay/.m2/repository/org/springframework/security/spring-security-jwt/1.1.0.RELEASE/spring-security-jwt-1.1.0.RELEASE.jar:/home/ajay/.m2/repository/org/bouncycastle/bcpkix-jdk15on/1.64/bcpkix-jdk15on-1.64.jar:/home/ajay/.m2/repository/org/bouncycastle/bcprov-jdk15on/1.64/bcprov-jdk15on-1.64.jar:/home/ajay/.m2/repository/org/springframework/cloud/spring-cloud-starter/2.1.4.RELEASE/spring-cloud-starter-2.1.4.RELEASE.jar:/home/ajay/.m2/repository/org/springframework/cloud/spring-cloud-context/2.1.4.RELEASE/spring-cloud-context-2.1.4.RELEASE.jar:/home/ajay/.m2/repository/org/springframework/security/spring-security-crypto/5.1.7.RELEASE/spring-security-crypto-5.1.7.RELEASE.jar:/home/ajay/.m2/repository/org/springframework/cloud/spring-cloud-commons/2.1.4.RELEASE/spring-cloud-commons-2.1.4.RELEASE.jar:/home/ajay/.m2/repository/org/springframework/security/spring-security-rsa/1.0.7.RELEASE/spring-security-rsa-1.0.7.RELEASE.jar:/home/ajay/.m2/repository/org/springframework/cloud/spring-cloud-starter-netflix-ribbon/2.1.4.RELEASE/spring-cloud-starter-netflix-ribbon-2.1.4.RELEASE.jar:/home/ajay/.m2/repository/org/springframework/cloud/spring-cloud-netflix-ribbon/2.1.4.RELEASE/spring-cloud-netflix-ribbon-2.1.4.RELEASE.jar:/home/ajay/.m2/repository/org/springframework/cloud/spring-cloud-netflix-archaius/2.1.4.RELEASE/spring-cloud-netflix-archaius-2.1.4.RELEASE.jar:/home/ajay/.m2/repository/org/springframework/cloud/spring-cloud-starter-netflix-archaius/2.1.4.RELEASE/spring-cloud-starter-netflix-archaius-2.1.4.RELEASE.jar:/home/ajay/.m2/repository/com/netflix/archaius/archaius-core/0.7.6/archaius-core-0.7.6.jar:/home/ajay/.m2/repository/commons-configuration/commons-configuration/1.8/commons-configuration-1.8.jar:/home/ajay/.m2/repository/com/netflix/ribbon/ribbon/2.3.0/ribbon-2.3.0.jar:/home/ajay/.m2/repository/com/netflix/ribbon/ribbon-transport/2.3.0/ribbon-transport-2.3.0.jar:/home/ajay/.m2/repository/io/reactivex/rxnetty-contexts/0.4.9/rxnetty-contexts-0.4.9.jar:/home/ajay/.m2/repository/io/reactivex/rxnetty-servo/0.4.9/rxnetty-servo-0.4.9.jar:/home/ajay/.m2/repository/javax/inject/javax.inject/1/javax.inject-1.jar:/home/ajay/.m2/repository/io/reactivex/rxnetty/0.4.9/rxnetty-0.4.9.jar:/home/ajay/.m2/repository/com/netflix/ribbon/ribbon-core/2.3.0/ribbon-core-2.3.0.jar:/home/ajay/.m2/repository/commons-lang/commons-lang/2.6/commons-lang-2.6.jar:/home/ajay/.m2/repository/com/netflix/ribbon/ribbon-httpclient/2.3.0/ribbon-httpclient-2.3.0.jar:/home/ajay/.m2/repository/commons-collections/commons-collections/3.2.2/commons-collections-3.2.2.jar:/home/ajay/.m2/repository/com/sun/jersey/jersey-client/1.19.1/jersey-client-1.19.1.jar:/home/ajay/.m2/repository/com/sun/jersey/contribs/jersey-apache-client4/1.19.1/jersey-apache-client4-1.19.1.jar:/home/ajay/.m2/repository/com/netflix/servo/servo-core/0.12.21/servo-core-0.12.21.jar:/home/ajay/.m2/repository/com/netflix/netflix-commons/netflix-commons-util/0.3.0/netflix-commons-util-0.3.0.jar:/home/ajay/.m2/repository/com/netflix/ribbon/ribbon-loadbalancer/2.3.0/ribbon-loadbalancer-2.3.0.jar:/home/ajay/.m2/repository/com/netflix/netflix-commons/netflix-statistics/0.1.1/netflix-statistics-0.1.1.jar:/home/ajay/.m2/repository/io/reactivex/rxjava/1.3.8/rxjava-1.3.8.jar:/home/ajay/.m2/repository/org/springframework/cloud/spring-cloud-starter-netflix-hystrix/2.1.4.RELEASE/spring-cloud-starter-netflix-hystrix-2.1.4.RELEASE.jar:/home/ajay/.m2/repository/org/springframework/cloud/spring-cloud-netflix-hystrix/2.1.4.RELEASE/spring-cloud-netflix-hystrix-2.1.4.RELEASE.jar:/home/ajay/.m2/repository/com/netflix/hystrix/hystrix-core/1.5.18/hystrix-core-1.5.18.jar:/home/ajay/.m2/repository/com/netflix/hystrix/hystrix-serialization/1.5.18/hystrix-serialization-1.5.18.jar:/home/ajay/.m2/repository/com/netflix/hystrix/hystrix-metrics-event-stream/1.5.18/hystrix-metrics-event-stream-1.5.18.jar:/home/ajay/.m2/repository/com/netflix/hystrix/hystrix-javanica/1.5.18/hystrix-javanica-1.5.18.jar:/home/ajay/.m2/repository/org/ow2/asm/asm/5.0.4/asm-5.0.4.jar:/home/ajay/.m2/repository/io/reactivex/rxjava-reactive-streams/1.2.1/rxjava-reactive-streams-1.2.1.jar:/home/ajay/.m2/repository/org/reactivestreams/reactive-streams/1.0.3/reactive-streams-1.0.3.jar:/home/ajay/.m2/repository/org/springframework/retry/spring-retry/1.2.4.RELEASE/spring-retry-1.2.4.RELEASE.jar:/home/ajay/.m2/repository/org/springframework/cloud/spring-cloud-starter-netflix-eureka-client/2.1.4.RELEASE/spring-cloud-starter-netflix-eureka-client-2.1.4.RELEASE.jar:/home/ajay/.m2/repository/org/springframework/cloud/spring-cloud-netflix-eureka-client/2.1.4.RELEASE/spring-cloud-netflix-eureka-client-2.1.4.RELEASE.jar:/home/ajay/.m2/repository/com/netflix/eureka/eureka-client/1.9.13/eureka-client-1.9.13.jar:/home/ajay/.m2/repository/org/codehaus/jettison/jettison/1.3.7/jettison-1.3.7.jar:/home/ajay/.m2/repository/stax/stax-api/1.0.1/stax-api-1.0.1.jar:/home/ajay/.m2/repository/com/netflix/netflix-commons/netflix-eventbus/0.3.0/netflix-eventbus-0.3.0.jar:/home/ajay/.m2/repository/com/netflix/netflix-commons/netflix-infix/0.3.0/netflix-infix-0.3.0.jar:/home/ajay/.m2/repository/commons-jxpath/commons-jxpath/1.3/commons-jxpath-1.3.jar:/home/ajay/.m2/repository/org/antlr/antlr-runtime/3.4/antlr-runtime-3.4.jar:/home/ajay/.m2/repository/org/antlr/stringtemplate/3.2.1/stringtemplate-3.2.1.jar:/home/ajay/.m2/repository/org/apache/commons/commons-math/2.2/commons-math-2.2.jar:/home/ajay/.m2/repository/javax/ws/rs/jsr311-api/1.1.1/jsr311-api-1.1.1.jar:/home/ajay/.m2/repository/com/sun/jersey/jersey-core/1.19.1/jersey-core-1.19.1.jar:/home/ajay/.m2/repository/com/google/inject/guice/4.1.0/guice-4.1.0.jar:/home/ajay/.m2/repository/aopalliance/aopalliance/1.0/aopalliance-1.0.jar:/home/ajay/.m2/repository/com/netflix/eureka/eureka-core/1.9.13/eureka-core-1.9.13.jar:/home/ajay/.m2/repository/com/fasterxml/woodstox/woodstox-core/5.0.3/woodstox-core-5.0.3.jar:/home/ajay/.m2/repository/org/codehaus/woodstox/stax2-api/3.1.4/stax2-api-3.1.4.jar:/home/ajay/.m2/repository/com/netflix/ribbon/ribbon-eureka/2.3.0/ribbon-eureka-2.3.0.jar:/home/ajay/.m2/repository/com/thoughtworks/xstream/xstream/1.4.11.1/xstream-1.4.11.1.jar:/home/ajay/.m2/repository/xmlpull/xmlpull/1.1.3.1/xmlpull-1.1.3.1.jar:/home/ajay/.m2/repository/xpp3/xpp3_min/1.1.4c/xpp3_min-1.1.4c.jar:/home/ajay/.m2/repository/org/springframework/cloud/spring-cloud-starter-config/2.1.5.RELEASE/spring-cloud-starter-config-2.1.5.RELEASE.jar:/home/ajay/.m2/repository/org/springframework/cloud/spring-cloud-config-client/2.1.5.RELEASE/spring-cloud-config-client-2.1.5.RELEASE.jar:/home/ajay/.m2/repository/org/springframework/cloud/spring-cloud-starter-openfeign/2.1.4.RELEASE/spring-cloud-starter-openfeign-2.1.4.RELEASE.jar:/home/ajay/.m2/repository/org/springframework/cloud/spring-cloud-openfeign-core/2.1.4.RELEASE/spring-cloud-openfeign-core-2.1.4.RELEASE.jar:/home/ajay/.m2/repository/io/github/openfeign/form/feign-form-spring/3.8.0/feign-form-spring-3.8.0.jar:/home/ajay/.m2/repository/io/github/openfeign/form/feign-form/3.8.0/feign-form-3.8.0.jar:/home/ajay/.m2/repository/commons-fileupload/commons-fileupload/1.4/commons-fileupload-1.4.jar:/home/ajay/.m2/repository/io/github/openfeign/feign-core/10.4.0/feign-core-10.4.0.jar:/home/ajay/.m2/repository/io/github/openfeign/feign-slf4j/10.4.0/feign-slf4j-10.4.0.jar:/home/ajay/.m2/repository/io/github/openfeign/feign-hystrix/10.4.0/feign-hystrix-10.4.0.jar:/home/ajay/.m2/repository/org/springframework/boot/spring-boot-starter-cloud-connectors/2.1.11.RELEASE/spring-boot-starter-cloud-connectors-2.1.11.RELEASE.jar:/home/ajay/.m2/repository/org/springframework/cloud/spring-cloud-spring-service-connector/2.0.7.RELEASE/spring-cloud-spring-service-connector-2.0.7.RELEASE.jar:/home/ajay/.m2/repository/org/springframework/cloud/spring-cloud-connectors-core/2.0.7.RELEASE/spring-cloud-connectors-core-2.0.7.RELEASE.jar:/home/ajay/.m2/repository/org/springframework/cloud/spring-cloud-cloudfoundry-connector/2.0.7.RELEASE/spring-cloud-cloudfoundry-connector-2.0.7.RELEASE.jar:/home/ajay/.m2/repository/org/springframework/cloud/spring-cloud-heroku-connector/2.0.7.RELEASE/spring-cloud-heroku-connector-2.0.7.RELEASE.jar:/home/ajay/.m2/repository/org/springframework/cloud/spring-cloud-localconfig-connector/2.0.7.RELEASE/spring-cloud-localconfig-connector-2.0.7.RELEASE.jar:/home/ajay/.m2/repository/org/springframework/security/spring-security-data/5.1.7.RELEASE/spring-security-data-5.1.7.RELEASE.jar:/home/ajay/.m2/repository/org/springframework/data/spring-data-commons/2.1.14.RELEASE/spring-data-commons-2.1.14.RELEASE.jar:/home/ajay/.m2/repository/io/micrometer/micrometer-registry-prometheus/1.3.2/micrometer-registry-prometheus-1.3.2.jar:/home/ajay/.m2/repository/io/prometheus/simpleclient_common/0.7.0/simpleclient_common-0.7.0.jar:/home/ajay/.m2/repository/io/prometheus/simpleclient/0.8.0/simpleclient-0.8.0.jar:/home/ajay/.m2/repository/io/dropwizard/metrics/metrics-core/4.1.2/metrics-core-4.1.2.jar:/home/ajay/.m2/repository/org/springframework/cloud/spring-cloud-starter-oauth2/2.1.5.RELEASE/spring-cloud-starter-oauth2-2.1.5.RELEASE.jar:/home/ajay/.m2/repository/org/springframework/cloud/spring-cloud-starter-security/2.1.5.RELEASE/spring-cloud-starter-security-2.1.5.RELEASE.jar:/home/ajay/.m2/repository/org/springframework/cloud/spring-cloud-security/2.1.5.RELEASE/spring-cloud-security-2.1.5.RELEASE.jar:/home/ajay/.m2/repository/org/springframework/boot/spring-boot-starter-security/2.1.11.RELEASE/spring-boot-starter-security-2.1.11.RELEASE.jar:/home/ajay/.m2/repository/org/springframework/security/oauth/boot/spring-security-oauth2-autoconfigure/2.1.2.RELEASE/spring-security-oauth2-autoconfigure-2.1.2.RELEASE.jar:/home/ajay/.m2/repository/com/sun/xml/bind/jaxb-core/2.3.0.1/jaxb-core-2.3.0.1.jar:/home/ajay/.m2/repository/com/sun/xml/bind/jaxb-impl/2.3.0.1/jaxb-impl-2.3.0.1.jar:/home/ajay/.m2/repository/org/springframework/boot/spring-boot-starter-undertow/2.1.11.RELEASE/spring-boot-starter-undertow-2.1.11.RELEASE.jar:/home/ajay/.m2/repository/io/undertow/undertow-core/2.0.28.Final/undertow-core-2.0.28.Final.jar:/home/ajay/.m2/repository/org/jboss/xnio/xnio-api/3.3.8.Final/xnio-api-3.3.8.Final.jar:/home/ajay/.m2/repository/org/jboss/xnio/xnio-nio/3.3.8.Final/xnio-nio-3.3.8.Final.jar:/home/ajay/.m2/repository/io/undertow/undertow-servlet/2.0.28.Final/undertow-servlet-2.0.28.Final.jar:/home/ajay/.m2/repository/org/jboss/spec/javax/annotation/jboss-annotations-api_1.2_spec/1.0.2.Final/jboss-annotations-api_1.2_spec-1.0.2.Final.jar:/home/ajay/.m2/repository/io/undertow/undertow-websockets-jsr/2.0.28.Final/undertow-websockets-jsr-2.0.28.Final.jar:/home/ajay/.m2/repository/org/jboss/spec/javax/websocket/jboss-websocket-api_1.1_spec/1.1.4.Final/jboss-websocket-api_1.1_spec-1.1.4.Final.jar:/home/ajay/.m2/repository/javax/servlet/javax.servlet-api/4.0.1/javax.servlet-api-4.0.1.jar:/home/ajay/.m2/repository/org/glassfish/javax.el/3.0.0/javax.el-3.0.0.jar:/home/ajay/.m2/repository/org/springframework/boot/spring-boot-devtools/2.1.11.RELEASE/spring-boot-devtools-2.1.11.RELEASE.jar:"/>
    <property name="sun.cpu.endian" value="little"/>
    <property name="user.home" value="/home/ajay"/>
    <property name="user.language" value="en"/>
    <property name="java.specification.vendor" value="Oracle Corporation"/>
    <property name="java.home" value="/usr/lib/jvm/java-8-openjdk-amd64/jre"/>
    <property name="basedir" value="/media/ajay/A486055086052500/Ayoos/patient-service"/>
    <property name="file.separator" value="/"/>
    <property name="line.separator" value="&#10;"/>
    <property name="java.vm.specification.vendor" value="Oracle Corporation"/>
    <property name="java.specification.name" value="Java Platform API Specification"/>
    <property name="java.awt.graphicsenv" value="sun.awt.X11GraphicsEnvironment"/>
    <property name="surefire.real.class.path" value="/media/ajay/A486055086052500/Ayoos/patient-service/target/surefire/surefirebooter319780587087263374.jar:/home/ajay/.m2/repository/org/jacoco/org.jacoco.agent/0.8.5/org.jacoco.agent-0.8.5-runtime.jar"/>
    <property name="sun.boot.class.path" value="/usr/lib/jvm/java-8-openjdk-amd64/jre/lib/resources.jar:/usr/lib/jvm/java-8-openjdk-amd64/jre/lib/rt.jar:/usr/lib/jvm/java-8-openjdk-amd64/jre/lib/sunrsasign.jar:/usr/lib/jvm/java-8-openjdk-amd64/jre/lib/jsse.jar:/usr/lib/jvm/java-8-openjdk-amd64/jre/lib/jce.jar:/usr/lib/jvm/java-8-openjdk-amd64/jre/lib/charsets.jar:/usr/lib/jvm/java-8-openjdk-amd64/jre/lib/jfr.jar:/usr/lib/jvm/java-8-openjdk-amd64/jre/classes"/>
    <property name="sun.management.compiler" value="HotSpot 64-Bit Tiered Compilers"/>
    <property name="java.runtime.version" value="1.8.0_232-8u232-b09-0ubuntu1~18.04.1-b09"/>
    <property name="user.name" value="ajay"/>
    <property name="path.separator" value=":"/>
    <property name="java.security.egd" value="file:/dev/./urandom"/>
    <property name="os.version" value="4.15.0-74-generic"/>
    <property name="java.endorsed.dirs" value="/usr/lib/jvm/java-8-openjdk-amd64/jre/lib/endorsed"/>
    <property name="java.runtime.name" value="OpenJDK Runtime Environment"/>
    <property name="file.encoding" value="UTF-8"/>
    <property name="java.vm.name" value="OpenJDK 64-Bit Server VM"/>
    <property name="localRepository" value="/home/ajay/.m2/repository"/>
    <property name="java.vendor.url.bug" value="http://bugreport.sun.com/bugreport/"/>
    <property name="java.io.tmpdir" value="/tmp"/>
    <property name="java.version" value="1.8.0_232"/>
    <property name="user.dir" value="/media/ajay/A486055086052500/Ayoos/patient-service"/>
    <property name="os.arch" value="amd64"/>
    <property name="java.vm.specification.name" value="Java Virtual Machine Specification"/>
    <property name="java.awt.printerjob" value="sun.print.PSPrinterJob"/>
    <property name="sun.os.patch.level" value="unknown"/>
    <property name="java.library.path" value="/usr/java/packages/lib/amd64:/usr/lib/x86_64-linux-gnu/jni:/lib/x86_64-linux-gnu:/usr/lib/x86_64-linux-gnu:/usr/lib/jni:/lib:/usr/lib"/>
    <property name="java.vm.info" value="mixed mode"/>
    <property name="java.vendor" value="Private Build"/>
    <property name="java.vm.version" value="25.232-b09"/>
    <property name="java.ext.dirs" value="/usr/lib/jvm/java-8-openjdk-amd64/jre/lib/ext:/usr/java/packages/lib/ext"/>
    <property name="sun.io.unicode.encoding" value="UnicodeLittle"/>
    <property name="java.class.version" value="52.0"/>
  </properties>
  <testcase name="servicesAndRepositoriesShouldNotDependOnWebLayer" classname="com.bytatech.ayoos.patient.ArchTest" time="53.36"/>
</testsuite>